2024-02-23 16:02:26,864 [INFO] Activator:176 - 


2024-02-23 16:02:26,867 [INFO] Activator:177 - !SESSION log4j initialized
2024-02-23 16:02:40,264 [INFO] LogOutputStream:77 - [STDOUT_REDIRECT] 
2024-02-23 16:02:51,273 [INFO] ApplicationProperties:184 - Using Application install path: C:\ST\STM32CubeIDE_1.14.1\STM32CubeIDE\plugins\com.st.stm32cube.common.mx_6.10.0.202311202037
2024-02-23 16:02:51,511 [INFO] DbMcusXml:78 - Set database path to: C:\ST\STM32CubeIDE_1.14.1\STM32CubeIDE\plugins\com.st.stm32cube.common.mx_6.10.0.202311202037\\db\/mcu/
2024-02-23 16:02:51,512 [INFO] ApiDb:274 - Set plugin database path to: C:\ST\STM32CubeIDE_1.14.1\STM32CubeIDE\plugins\com.st.stm32cube.common.mx_6.10.0.202311202037\\db\/plugins/boardmanager/
2024-02-23 16:02:51,513 [WARN] ApiDb:259 - Overriding images path with different value:  => C:\ST\STM32CubeIDE_1.14.1\STM32CubeIDE\plugins\com.st.stm32cube.common.mx_6.10.0.202311202037\\db\/plugins/mcufinder/images/
2024-02-23 16:02:51,968 [INFO] ApiDb:250 - Set database path to: C:\Users\vlab\.stmcufinder\plugins\mcufinder//mcu/
2024-02-23 16:02:51,970 [INFO] DbMcusAds:125 - Set database path to: C:\Users\vlab\.stmcufinder\plugins\mcufinder//mcu/
2024-02-23 16:02:51,972 [INFO] CrossReferenceDbSqlite:203 - Set database path to: C:\Users\vlab\.stmcufinder\plugins\mcufinder//mcu/cs/
2024-02-23 16:02:52,582 [INFO] RulesReader:64 - Compatibility file has been processed (297 Rules)
2024-02-23 16:02:53,652 [INFO] DbMcusXml:78 - Set database path to: C:\ST\STM32CubeIDE_1.14.1\STM32CubeIDE\plugins\com.st.stm32cube.common.mx_6.10.0.202311202037\\db\/mcu/
2024-02-23 16:02:53,652 [INFO] ApiDb:274 - Set plugin database path to: C:\ST\STM32CubeIDE_1.14.1\STM32CubeIDE\plugins\com.st.stm32cube.common.mx_6.10.0.202311202037\\db\/plugins/boardmanager/
2024-02-23 16:02:53,652 [INFO] ApiDb:261 - Set plugin images path to: C:\ST\STM32CubeIDE_1.14.1\STM32CubeIDE\plugins\com.st.stm32cube.common.mx_6.10.0.202311202037\\db\/plugins/mcufinder/images/
2024-02-23 16:02:53,653 [WARN] DbFile:41 - Overriding database path with different value: C:\Users\vlab\.stmcufinder\plugins\mcufinder/ => C:\Users\vlab\.stmcufinder\plugins\mcufinder
2024-02-23 16:02:53,653 [INFO] ApiDb:250 - Set database path to: C:\Users\vlab\.stmcufinder\plugins\mcufinder//mcu/
2024-02-23 16:02:53,653 [WARN] DbFile:41 - Overriding database path with different value: C:\Users\vlab\.stmcufinder\plugins\mcufinder/ => C:\Users\vlab\.stmcufinder\plugins\mcufinder
2024-02-23 16:02:53,653 [INFO] DbMcusAds:125 - Set database path to: C:\Users\vlab\.stmcufinder\plugins\mcufinder//mcu/
2024-02-23 16:02:53,653 [WARN] DbFile:41 - Overriding database path with different value: C:\Users\vlab\.stmcufinder\plugins\mcufinder/ => C:\Users\vlab\.stmcufinder\plugins\mcufinder
2024-02-23 16:02:53,653 [WARN] DbFile:41 - Overriding database path with different value: C:\Users\vlab\.stmcufinder\plugins\mcufinder/ => C:\Users\vlab\.stmcufinder\plugins\mcufinder
2024-02-23 16:02:53,653 [INFO] CrossReferenceDbSqlite:203 - Set database path to: C:\Users\vlab\.stmcufinder\plugins\mcufinder//mcu/cs/
2024-02-23 16:02:55,883 [INFO] MainPanel:264 - HeapMemory: 268435456
2024-02-23 16:02:56,921 [INFO] DbMcusXml:78 - Set database path to: C:\ST\STM32CubeIDE_1.14.1\STM32CubeIDE\plugins\com.st.stm32cube.common.mx_6.10.0.202311202037\\db\/mcu/
2024-02-23 16:02:56,921 [INFO] ApiDb:274 - Set plugin database path to: C:\ST\STM32CubeIDE_1.14.1\STM32CubeIDE\plugins\com.st.stm32cube.common.mx_6.10.0.202311202037\\db\/plugins/boardmanager/
2024-02-23 16:02:56,921 [INFO] ApiDb:261 - Set plugin images path to: C:\ST\STM32CubeIDE_1.14.1\STM32CubeIDE\plugins\com.st.stm32cube.common.mx_6.10.0.202311202037\\db\/plugins/mcufinder/images/
2024-02-23 16:02:56,921 [WARN] DbFile:41 - Overriding database path with different value: C:\Users\vlab\.stmcufinder\plugins\mcufinder/ => C:\Users\vlab\.stmcufinder\plugins\mcufinder
2024-02-23 16:02:56,922 [INFO] ApiDb:250 - Set database path to: C:\Users\vlab\.stmcufinder\plugins\mcufinder//mcu/
2024-02-23 16:02:56,922 [WARN] DbFile:41 - Overriding database path with different value: C:\Users\vlab\.stmcufinder\plugins\mcufinder/ => C:\Users\vlab\.stmcufinder\plugins\mcufinder
2024-02-23 16:02:56,922 [INFO] DbMcusAds:125 - Set database path to: C:\Users\vlab\.stmcufinder\plugins\mcufinder//mcu/
2024-02-23 16:02:56,922 [WARN] DbFile:41 - Overriding database path with different value: C:\Users\vlab\.stmcufinder\plugins\mcufinder/ => C:\Users\vlab\.stmcufinder\plugins\mcufinder
2024-02-23 16:02:56,922 [WARN] DbFile:41 - Overriding database path with different value: C:\Users\vlab\.stmcufinder\plugins\mcufinder/ => C:\Users\vlab\.stmcufinder\plugins\mcufinder
2024-02-23 16:02:56,924 [INFO] CrossReferenceDbSqlite:203 - Set database path to: C:\Users\vlab\.stmcufinder\plugins\mcufinder//mcu/cs/
2024-02-23 16:02:56,987 [INFO] ApplicationProperties:184 - Using Application install path: C:\ST\STM32CubeIDE_1.14.1\STM32CubeIDE\plugins\com.st.stm32cube.common.mx_6.10.0.202311202037
2024-02-23 16:02:56,989 [INFO] PluginManage:196 - Search for loadable plugins [exclusion list=, ]
2024-02-23 16:02:57,021 [INFO] PluginManage:310 - Check plugin analytics
2024-02-23 16:02:59,046 [INFO] AnalyticsPlugin:253 - Accepted Software Licenses: STM32CubeMX.6.10.0
2024-02-23 16:02:59,047 [INFO] AnalyticsPlugin:255 - Accepted CMSIS Pack Licenses: 
2024-02-23 16:02:59,047 [INFO] AnalyticsPlugin:257 - Accepted Firmware Licenses: FW.C0.1.1.0,FW.F4.1.28.0,FW.F7.1.17.0
2024-02-23 16:02:59,057 [INFO] PluginManage:359 - Loaded plugin analytics (category:tool,tabindex:-1)
2024-02-23 16:02:59,058 [INFO] PluginManage:310 - Check plugin cadmodel
2024-02-23 16:02:59,209 [INFO] CADModel:105 - Init CAD model plugin
2024-02-23 16:02:59,210 [INFO] PluginManage:359 - Loaded plugin cadmodel (category:power,tabindex:5)
2024-02-23 16:02:59,210 [INFO] PluginManage:310 - Check plugin clock
2024-02-23 16:02:59,277 [INFO] PluginManage:359 - Loaded plugin clock (category:base,tabindex:2)
2024-02-23 16:02:59,277 [INFO] PluginManage:310 - Check plugin ddr
2024-02-23 16:02:59,314 [INFO] PluginManage:359 - Loaded plugin ddr (category:tool,tabindex:6)
2024-02-23 16:02:59,314 [INFO] PluginManage:310 - Check plugin filemanager
2024-02-23 16:03:00,563 [INFO] PluginManage:359 - Loaded plugin filemanager (category:base,tabindex:10)
2024-02-23 16:03:00,563 [INFO] PluginManage:310 - Check plugin ipmanager
2024-02-23 16:03:00,646 [INFO] PluginManage:359 - Loaded plugin ipmanager (category:base,tabindex:5)
2024-02-23 16:03:00,647 [INFO] PluginManage:310 - Check plugin lpbam
2024-02-23 16:03:00,689 [INFO] PluginManage:359 - Loaded plugin lpbam (category:base,tabindex:0)
2024-02-23 16:03:00,689 [INFO] PluginManage:310 - Check plugin memorymap
2024-02-23 16:03:00,769 [INFO] PluginManage:359 - Loaded plugin memorymap (category:base,tabindex:4)
2024-02-23 16:03:00,769 [INFO] PluginManage:310 - Check plugin pinoutandconfiguration
2024-02-23 16:03:00,798 [INFO] PluginManage:359 - Loaded plugin pinoutandconfiguration (category:base,tabindex:1)
2024-02-23 16:03:00,798 [INFO] PluginManage:310 - Check plugin pinoutconfig
2024-02-23 16:03:01,332 [WARN] SupportedApi:132 - Cannot load RTOS API schema: s4s-elt-must-match.1: The content of 'definitions' must match (annotation?, (simpleType | complexType)?, (unique | key | keyref)*)). A problem was found starting at: attribute.
2024-02-23 16:03:02,259 [INFO] PluginManage:359 - Loaded plugin pinoutconfig (category:base,tabindex:0)
2024-02-23 16:03:02,259 [INFO] PluginManage:310 - Check plugin power
2024-02-23 16:03:02,451 [INFO] PluginManage:359 - Loaded plugin power (category:power,tabindex:4)
2024-02-23 16:03:02,452 [INFO] PluginManage:310 - Check plugin projectmanager
2024-02-23 16:03:02,617 [INFO] PluginManage:359 - Loaded plugin projectmanager (category:projectmanager,tabindex:3)
2024-02-23 16:03:02,617 [INFO] PluginManage:310 - Check plugin thirdparty
2024-02-23 16:03:03,829 [INFO] PluginManage:359 - Loaded plugin thirdparty (category:base,tabindex:-1)
2024-02-23 16:03:03,829 [INFO] PluginManage:310 - Check plugin tools
2024-02-23 16:03:03,829 [WARN] IntegrityCheckThread:84 - waiting for thirdparty lock release [integrity check]
2024-02-23 16:03:03,829 [INFO] IntegrityCheckThread:86 - entering critical section [integrity check]
2024-02-23 16:03:03,830 [INFO] ThirdPartyUpdaterWithRetryManager:70 - Updater plugin not ready yet. [1/15]
2024-02-23 16:03:03,897 [INFO] PluginManage:359 - Loaded plugin tools (category:base,tabindex:7)
2024-02-23 16:03:03,898 [INFO] PluginManage:310 - Check plugin tutovideos
2024-02-23 16:03:04,791 [INFO] PluginManage:359 - Loaded plugin tutovideos (category:base,tabindex:-1)
2024-02-23 16:03:04,791 [INFO] PluginManage:310 - Check plugin updater
2024-02-23 16:03:04,920 [INFO] PluginManage:359 - Loaded plugin updater (category:base,tabindex:12)
2024-02-23 16:03:04,920 [INFO] PluginManage:310 - Check plugin userauth
2024-02-23 16:03:04,974 [INFO] UserAuth:114 - Init User Auth plugin
2024-02-23 16:03:04,974 [INFO] PluginManage:359 - Loaded plugin userauth (category:base,tabindex:14)
2024-02-23 16:03:04,975 [INFO] PluginManage:283 - PluginManage : Loaded plugins [17]
2024-02-23 16:03:06,831 [INFO] ThirdPartyUpdaterWithRetryManager:70 - Updater plugin not ready yet. [2/15]
2024-02-23 16:03:09,601 [INFO] PinOutPanel:1499 - setPackage(No Configuration,No Configuration)
2024-02-23 16:03:09,831 [INFO] ThirdPartyUpdaterWithRetryManager:70 - Updater plugin not ready yet. [3/15]
2024-02-23 16:03:10,396 [INFO] CADModel:165 - CPN selected for project level
2024-02-23 16:03:10,397 [INFO] CADModel:114 - Register for checkConnection events
2024-02-23 16:03:10,699 [INFO] IPUIPlugin:80 - create IPUIPlugin
2024-02-23 16:03:10,699 [INFO] PluginManager:220 - loadIPPluginJar : add adc
2024-02-23 16:03:10,722 [INFO] IPUIPlugin:80 - create IPUIPlugin
2024-02-23 16:03:10,722 [INFO] PluginManager:220 - loadIPPluginJar : add aes
2024-02-23 16:03:10,726 [INFO] IPUIPlugin:80 - create IPUIPlugin
2024-02-23 16:03:10,726 [INFO] PluginManager:220 - loadIPPluginJar : add can
2024-02-23 16:03:10,732 [INFO] IPUIPlugin:80 - create IPUIPlugin
2024-02-23 16:03:10,732 [INFO] PluginManager:220 - loadIPPluginJar : add comp
2024-02-23 16:03:10,736 [INFO] IPUIPlugin:80 - create IPUIPlugin
2024-02-23 16:03:10,736 [INFO] PluginManager:220 - loadIPPluginJar : add cryp
2024-02-23 16:03:10,740 [INFO] IPUIPlugin:80 - create IPUIPlugin
2024-02-23 16:03:10,740 [INFO] PluginManager:220 - loadIPPluginJar : add dfsdm
2024-02-23 16:03:10,755 [INFO] IPUIPlugin:80 - create IPUIPlugin
2024-02-23 16:03:10,755 [INFO] PluginManager:220 - loadIPPluginJar : add dma
2024-02-23 16:03:10,761 [INFO] IPUIPlugin:80 - create IPUIPlugin
2024-02-23 16:03:10,761 [INFO] PluginManager:220 - loadIPPluginJar : add dma3
2024-02-23 16:03:10,765 [INFO] IPUIPlugin:80 - create IPUIPlugin
2024-02-23 16:03:10,765 [INFO] PluginManager:220 - loadIPPluginJar : add fatfs
2024-02-23 16:03:10,770 [INFO] IPUIPlugin:80 - create IPUIPlugin
2024-02-23 16:03:10,771 [INFO] PluginManager:220 - loadIPPluginJar : add fmc
2024-02-23 16:03:10,807 [INFO] IPUIPlugin:80 - create IPUIPlugin
2024-02-23 16:03:10,807 [INFO] PluginManager:220 - loadIPPluginJar : add freertos
2024-02-23 16:03:10,809 [INFO] IPUIPlugin:80 - create IPUIPlugin
2024-02-23 16:03:10,809 [INFO] PluginManager:220 - loadIPPluginJar : add genericplugin
2024-02-23 16:03:10,815 [INFO] IPUIPlugin:80 - create IPUIPlugin
2024-02-23 16:03:10,815 [INFO] PluginManager:220 - loadIPPluginJar : add gfxmmu
2024-02-23 16:03:10,822 [INFO] IPUIPlugin:80 - create IPUIPlugin
2024-02-23 16:03:10,823 [INFO] PluginManager:220 - loadIPPluginJar : add gic
2024-02-23 16:03:10,831 [INFO] IPUIPlugin:80 - create IPUIPlugin
2024-02-23 16:03:10,832 [INFO] PluginManager:220 - loadIPPluginJar : add gpio
2024-02-23 16:03:10,839 [INFO] IPUIPlugin:80 - create IPUIPlugin
2024-02-23 16:03:10,839 [INFO] PluginManager:220 - loadIPPluginJar : add gtzc
2024-02-23 16:03:10,848 [INFO] IPUIPlugin:80 - create IPUIPlugin
2024-02-23 16:03:10,848 [INFO] PluginManager:220 - loadIPPluginJar : add hash
2024-02-23 16:03:10,853 [INFO] IPUIPlugin:80 - create IPUIPlugin
2024-02-23 16:03:10,853 [INFO] PluginManager:220 - loadIPPluginJar : add i2c
2024-02-23 16:03:10,857 [INFO] IPUIPlugin:80 - create IPUIPlugin
2024-02-23 16:03:10,857 [INFO] PluginManager:220 - loadIPPluginJar : add i2s
2024-02-23 16:03:10,864 [INFO] IPUIPlugin:80 - create IPUIPlugin
2024-02-23 16:03:10,864 [INFO] PluginManager:220 - loadIPPluginJar : add i3c
2024-02-23 16:03:10,869 [INFO] IPUIPlugin:80 - create IPUIPlugin
2024-02-23 16:03:10,869 [INFO] PluginManager:220 - loadIPPluginJar : add ipddr
2024-02-23 16:03:10,880 [INFO] IPUIPlugin:80 - create IPUIPlugin
2024-02-23 16:03:10,880 [INFO] PluginManager:220 - loadIPPluginJar : add linkedlist
2024-02-23 16:03:10,884 [INFO] IPUIPlugin:80 - create IPUIPlugin
2024-02-23 16:03:10,885 [INFO] PluginManager:220 - loadIPPluginJar : add lorawan
2024-02-23 16:03:10,888 [INFO] IPUIPlugin:80 - create IPUIPlugin
2024-02-23 16:03:10,888 [INFO] PluginManager:220 - loadIPPluginJar : add ltdc
2024-02-23 16:03:10,911 [INFO] IPUIPlugin:80 - create IPUIPlugin
2024-02-23 16:03:10,912 [INFO] PluginManager:220 - loadIPPluginJar : add mdma
2024-02-23 16:03:10,951 [INFO] IPUIPlugin:80 - create IPUIPlugin
2024-02-23 16:03:10,951 [INFO] PluginManager:220 - loadIPPluginJar : add nvic
2024-02-23 16:03:10,957 [INFO] IPUIPlugin:80 - create IPUIPlugin
2024-02-23 16:03:10,957 [INFO] PluginManager:220 - loadIPPluginJar : add opamp
2024-02-23 16:03:10,964 [INFO] IPUIPlugin:80 - create IPUIPlugin
2024-02-23 16:03:10,964 [INFO] PluginManager:220 - loadIPPluginJar : add openamp
2024-02-23 16:03:10,987 [INFO] IPUIPlugin:80 - create IPUIPlugin
2024-02-23 16:03:10,987 [INFO] PluginManager:220 - loadIPPluginJar : add pdm2pcm
2024-02-23 16:03:10,997 [INFO] IPUIPlugin:80 - create IPUIPlugin
2024-02-23 16:03:11,002 [INFO] PluginManager:220 - loadIPPluginJar : add plateformsettings
2024-02-23 16:03:11,041 [INFO] IPUIPlugin:80 - create IPUIPlugin
2024-02-23 16:03:11,041 [INFO] PluginManager:220 - loadIPPluginJar : add quadspi
2024-02-23 16:03:11,050 [INFO] IPUIPlugin:80 - create IPUIPlugin
2024-02-23 16:03:11,051 [INFO] PluginManager:220 - loadIPPluginJar : add resmgrutility
2024-02-23 16:03:11,055 [INFO] IPUIPlugin:80 - create IPUIPlugin
2024-02-23 16:03:11,056 [INFO] PluginManager:220 - loadIPPluginJar : add sai
2024-02-23 16:03:11,562 [INFO] IPUIPlugin:80 - create IPUIPlugin
2024-02-23 16:03:11,562 [INFO] PluginManager:220 - loadIPPluginJar : add spi
2024-02-23 16:03:11,591 [INFO] IPUIPlugin:80 - create IPUIPlugin
2024-02-23 16:03:11,592 [INFO] PluginManager:220 - loadIPPluginJar : add stm32_wpan
2024-02-23 16:03:11,594 [INFO] IPUIPlugin:80 - create IPUIPlugin
2024-02-23 16:03:11,595 [INFO] PluginManager:220 - loadIPPluginJar : add tim
2024-02-23 16:03:11,610 [INFO] IPUIPlugin:80 - create IPUIPlugin
2024-02-23 16:03:11,610 [INFO] PluginManager:220 - loadIPPluginJar : add touchsensing
2024-02-23 16:03:11,616 [INFO] IPUIPlugin:80 - create IPUIPlugin
2024-02-23 16:03:11,616 [INFO] PluginManager:220 - loadIPPluginJar : add tracer_emb
2024-02-23 16:03:11,619 [INFO] IPUIPlugin:80 - create IPUIPlugin
2024-02-23 16:03:11,619 [INFO] PluginManager:220 - loadIPPluginJar : add ts
2024-02-23 16:03:11,622 [INFO] IPUIPlugin:80 - create IPUIPlugin
2024-02-23 16:03:11,622 [INFO] PluginManager:220 - loadIPPluginJar : add tsc
2024-02-23 16:03:11,625 [INFO] IPUIPlugin:80 - create IPUIPlugin
2024-02-23 16:03:11,625 [INFO] PluginManager:220 - loadIPPluginJar : add ucpd
2024-02-23 16:03:11,631 [INFO] IPUIPlugin:80 - create IPUIPlugin
2024-02-23 16:03:11,631 [INFO] PluginManager:220 - loadIPPluginJar : add usart
2024-02-23 16:03:11,636 [INFO] IPUIPlugin:80 - create IPUIPlugin
2024-02-23 16:03:11,636 [INFO] PluginManager:220 - loadIPPluginJar : add usbx
2024-02-23 16:03:12,092 [INFO] CADModel:165 - CPN selected for project level
2024-02-23 16:03:12,092 [INFO] CADModel:114 - Register for checkConnection events
2024-02-23 16:03:12,093 [FATAL] Updater:308 - Updater called before beeing initialized
2024-02-23 16:03:12,093 [ERROR] CADModel:125 - Updater not yet initialized, retry later 
2024-02-23 16:03:12,814 [INFO] CADModel:165 - CPN selected for project level
2024-02-23 16:03:12,815 [INFO] CADModel:114 - Register for checkConnection events
2024-02-23 16:03:12,815 [FATAL] Updater:308 - Updater called before beeing initialized
2024-02-23 16:03:12,815 [ERROR] CADModel:125 - Updater not yet initialized, retry later 
2024-02-23 16:03:12,819 [FATAL] Updater:308 - Updater called before beeing initialized
2024-02-23 16:03:12,832 [INFO] ThirdPartyUpdaterWithRetryManager:70 - Updater plugin not ready yet. [4/15]
2024-02-23 16:03:13,322 [FATAL] Updater:308 - Updater called before beeing initialized
2024-02-23 16:03:13,327 [INFO] DbMcusAds:53 - JSON generation date=Wed Nov 29 16:22:27 IST 2023 (1701255147349)
2024-02-23 16:03:13,327 [FATAL] Updater:308 - Updater called before beeing initialized
2024-02-23 16:03:13,612 [WARN] DetailPanel:346 - Failed to get advertising image, set to default
2024-02-23 16:03:14,154 [FATAL] Updater:308 - Updater called before beeing initialized
2024-02-23 16:03:14,157 [FATAL] Updater:308 - Updater called before beeing initialized
2024-02-23 16:03:14,157 [FATAL] Updater:308 - Updater called before beeing initialized
2024-02-23 16:03:14,157 [WARN] DetailPanel:346 - Failed to get advertising image, set to default
2024-02-23 16:03:14,159 [FATAL] Updater:308 - Updater called before beeing initialized
2024-02-23 16:03:14,728 [ERROR] Updater:1120 - MainUpdater not yet initialized. External WinMGr cannot be set.
2024-02-23 16:03:14,738 [INFO] Updater:1056 - Updater Version found : 6.10.0
2024-02-23 16:03:14,842 [INFO] ApplicationProperties:184 - Using Application install path: C:\ST\STM32CubeIDE_1.14.1\STM32CubeIDE\plugins\com.st.stm32cube.common.mx_6.10.0.202311202037
2024-02-23 16:03:15,833 [FATAL] Updater:308 - Updater called before beeing initialized
2024-02-23 16:03:15,833 [ERROR] IntegrityCheckThread:130 - Cannot retrieve database content from updater: error 21
2024-02-23 16:03:15,834 [INFO] ThirdParty:978 - Integrity check success = false
2024-02-23 16:03:15,834 [INFO] IntegrityCheckThread:100 - exiting critical section [integrity check]
2024-02-23 16:03:15,834 [INFO] IntegrityCheckThread:103 - End integrity checks thread
2024-02-23 16:03:16,675 [ERROR] LogOutputStream:75 - [STDERR_REDIRECT] Feb 23, 2024 4:03:16 PM java.util.prefs.WindowsPreferences <init>
2024-02-23 16:03:16,677 [ERROR] LogOutputStream:75 - [STDERR_REDIRECT] WARNING: Could not open/create prefs root node Software\JavaSoft\Prefs at root 0xffffffff80000002. Windows RegCreateKeyEx(...) returned error code 5.
2024-02-23 16:03:16,678 [ERROR] LogOutputStream:75 - [STDERR_REDIRECT] 
2024-02-23 16:03:17,569 [INFO] MainUpdater:526 - Copy updater definitions from MX database
2024-02-23 16:03:17,630 [INFO] MainUpdater:559 - Copy flag file definitions from MX database
2024-02-23 16:03:17,636 [INFO] MainUpdater:575 - Copy thirdparty index definitions from MX database
2024-02-23 16:03:17,650 [INFO] MainUpdater:594 - Copy default thirdparty db definitions from MX database
2024-02-23 16:03:29,686 [INFO] MainUpdater:2873 - connection check result : 22
2024-02-23 16:03:29,688 [INFO] MainUpdater:290 - Updater Check For Update Now.
2024-02-23 16:03:29,689 [INFO] MicroXplorer:498 - Change Database Version : DB.6.0.100
2024-02-23 16:03:29,763 [INFO] McuFinderGlobals:63 - Set McuFinder mode to 2 (CubeIDE integrated)
2024-02-23 16:03:29,764 [INFO] UserAuth:180 - activating auth plugin
2024-02-23 16:03:29,784 [INFO] UserAuth:404 - Internet connection configuration mode: 2
2024-02-23 16:03:29,868 [WARN] CheckServerUpdateThread:151 - Open CheckUpdateFile Fail
2024-02-23 16:03:29,978 [INFO] UserAuth:404 - Internet connection configuration mode: 2
2024-02-23 16:03:30,371 [INFO] CheckServerUpdateThread:120 - End of CheckServer Thread
2024-02-23 16:03:54,257 [ERROR] LogOutputStream:75 - [STDERR_REDIRECT] SLF4J: Failed to load class "org.slf4j.impl.StaticLoggerBinder".
2024-02-23 16:03:54,260 [ERROR] LogOutputStream:75 - [STDERR_REDIRECT] SLF4J: Defaulting to no-operation (NOP) logger implementation
2024-02-23 16:03:54,262 [ERROR] LogOutputStream:75 - [STDERR_REDIRECT] SLF4J: See http://www.slf4j.org/codes.html#StaticLoggerBinder for further details.
2024-02-23 16:12:00,737 [INFO] McuFinderGlobals:63 - Set McuFinder mode to 2 (CubeIDE integrated)
2024-02-23 16:12:01,659 [INFO] UserAuth:180 - activating auth plugin
2024-02-23 16:12:04,622 [INFO] UserAuth:404 - Internet connection configuration mode: 2
2024-02-23 16:12:08,065 [INFO] UserAuth:404 - Internet connection configuration mode: 2
2024-02-23 16:12:10,149 [INFO] JxBrowserEngine:152 - Initiate JxBrowser Engine with user profile folder
2024-02-23 16:12:47,895 [INFO] WebApp:161 - Instantiating new browser for Auth
2024-02-23 16:12:53,710 [INFO] WebApp:780 - Register for checkConnection events
2024-02-23 16:12:53,711 [INFO] WebApp:414 - Apply proxy settings
2024-02-23 16:12:53,736 [INFO] WebApp:499 - Chromium requires no authentication
2024-02-23 16:12:53,950 [INFO] WebApp:442 - Direct internet connection detected
2024-02-23 16:12:54,674 [INFO] WebApp:192 - Starting web application
2024-02-23 16:12:54,675 [INFO] WebApp:544 - Web application path used C:\ST\STM32CubeIDE_1.14.1\STM32CubeIDE\plugins\com.st.stm32cube.common.mx_6.10.0.202311202037\db\plugins\mcufinder\reactClient1\index.html
2024-02-23 17:42:55,835 [INFO] McuFinderGlobals:63 - Set McuFinder mode to 2 (CubeIDE integrated)
2024-02-23 17:43:04,299 [INFO] MainUpdater:2873 - connection check result : 10
2024-02-23 17:43:04,350 [INFO] McuFinderGlobals:76 - Set McuFinderConnectedMode to true
2024-02-23 17:43:09,714 [INFO] ServerAccessManage:473 - Download File mcusAds.json._tmp_
2024-02-23 17:43:09,859 [INFO] LoadUrlFilesThread:156 - End of LoadUrlFiles Thread
2024-02-23 17:43:10,060 [INFO] ServerAccessManage:473 - Download File cube-finder-db.zip
2024-02-23 17:43:24,722 [INFO] FileExtend:240 - Unzip File : cube-finder-db.zip
2024-02-23 17:43:24,722 [INFO] FileExtend:255 - Standard Zip Deflate
2024-02-23 17:43:27,702 [INFO] LoadUrlFilesThread:156 - End of LoadUrlFiles Thread
2024-02-23 17:43:35,669 [INFO] ServerAccessManage:473 - Download File crdb.zip
2024-02-23 17:43:36,648 [INFO] FileExtend:240 - Unzip File : crdb.zip
2024-02-23 17:43:36,650 [INFO] FileExtend:255 - Standard Zip Deflate
2024-02-23 17:43:36,810 [INFO] LoadUrlFilesThread:156 - End of LoadUrlFiles Thread
2024-02-23 17:43:41,329 [INFO] ServerAccessManage:473 - Download File tutoVideoDB.zip
2024-02-23 17:43:41,380 [INFO] FileExtend:240 - Unzip File : tutoVideoDB.zip
2024-02-23 17:43:41,382 [INFO] FileExtend:255 - Standard Zip Deflate
2024-02-23 17:43:41,528 [INFO] LoadUrlFilesThread:156 - End of LoadUrlFiles Thread
2024-02-23 17:43:41,541 [WARN] DbFile:41 - Overriding database path with different value: C:\Users\vlab\.stmcufinder\plugins\mcufinder/ => C:\Users\vlab\.stmcufinder\plugins\mcufinder
2024-02-23 17:43:41,701 [INFO] ServerAccessManage:473 - Download File api_config.json
2024-02-23 17:43:41,822 [INFO] LoadUrlFilesThread:156 - End of LoadUrlFiles Thread
2024-02-23 17:43:41,862 [INFO] DbMcusAds:53 - JSON generation date=Wed Nov 29 16:22:27 IST 2023 (1701255147349)
2024-02-23 17:43:42,023 [INFO] LoadUrlFilesThread:185 - End of LoadServerUrlFiles without Thread
2024-02-23 17:43:42,025 [INFO] TargetSelectorAdapter:259 - Refresh data is successful
2024-02-23 17:43:44,900 [INFO] ApiDb:581 - Connected to CubeFinder SQLite database (C:\Users\vlab\.stmcufinder\plugins\mcufinder\mcu\cube-finder-db.db)
2024-02-23 17:43:45,021 [INFO] ApiDb:668 - CubeFinder database Data Model version=2.1
2024-02-23 17:43:45,021 [INFO] ApiDb:669 - CubeFinder database Configuration version=3.0.39
2024-02-23 17:43:45,023 [INFO] ApiDb:670 - CubeFinder database generation date=2024-01-11 (1704964531)
2024-02-23 17:43:45,024 [INFO] ApiDb:671 - CubeFinder database FW Pack versions=[FP-ATR-ASTRA1_V2.0.0, FP-SNS-FLIGHT1_V5.0.1, FP-SNS-FLIGHT1_V5.0.2, FP-SNS-MOTENV1_V4.3.1, FP-SNS-MOTENV1_V4.3.2, FP-SNS-MOTENVWB1_V1.3.1, FP-SNS-SMARTAG2_V1.2.0, STM32Cube_FW_C0_V1.1.0, STM32Cube_FW_F4_V1.28.0, STM32Cube_FW_F7_V1.17.0, STM32Cube_FW_G0_V1.6.2, STM32Cube_FW_G4_V1.5.2, STM32Cube_FW_H5_V0.5.1, STM32Cube_FW_H5_V1.1.1, STM32Cube_FW_H5_V1.2.0RC2, STM32Cube_FW_H7_V1.11.0, STM32Cube_FW_L0_V1.12.2, STM32Cube_FW_L5_V1.5.0, STM32Cube_FW_U5_V1.3.0RC4, STM32Cube_FW_U5_V1.4.0, STM32Cube_FW_WBA_V1.0.0RC1, STM32Cube_FW_WBA_V1.1.0RC1, STM32Cube_FW_WBA_V1.2.0, STM32Cube_FW_WBA_V1.2.0RC2, STM32Cube_FW_WB_V1.15.0RC1, STM32Cube_FW_WB_V1.16.0, STM32Cube_FW_WB_V1.16.0RC2, STM32Cube_FW_WB_V1.18.0, STM32Cube_FW_WL_V1.3.0, X-CUBE-ALGOBUILD_V1.3.0, X-CUBE-ALS_V1.0.1, X-CUBE-AZRTOS-F4_V1.1.0, X-CUBE-AZRTOS-F7_V1.1.0, X-CUBE-AZRTOS-G0_V1.1.0, X-CUBE-AZRTOS-G4_V2.0.0, X-CUBE-AZRTOS-H7_V3.2.0, X-CUBE-AZRTOS-L4_V1.0.0, X-CUBE-AZRTOS-L4_V2.0.0, X-CUBE-AZRTOS-L5_V1.1.0, X-CUBE-AZRTOS-WB_V2.0.0, X-CUBE-AZRTOS-WL_V2.0.0, X-CUBE-BLE1_V7.0.0, X-CUBE-BLE2_V3.3.0, X-CUBE-BLEMGR_V3.0.0, X-CUBE-EEPRMA1_V4.1.0, X-CUBE-EEPRMA1_V4.2.0, X-CUBE-FREERTOS_V1.1.0, X-CUBE-GNSS1_V6.0.0, X-CUBE-MEMS1_V10.0.0, X-CUBE-MEMS1_V9.1.0, X-CUBE-MEMS1_V9.4.0, X-CUBE-MEMS1_V9.6.0, X-CUBE-NFC4_V3.0.0, X-CUBE-NFC7_V1.0.1, X-CUBE-SFXS2LP1_V4.0.0, X-CUBE-SUBG2_V5.0.0, X-CUBE-TOF1_V3.4.0]
2024-02-23 17:43:47,394 [INFO] ApiDb:240 - Found 371 in-development CPN: [B-G473E-ZEST1S, B-WB1M-WPAN1, B-WL5M-SUBG1, NUCLEO-C031C6, NUCLEO-H503RB, NUCLEO-H563ZI, NUCLEO-U545RE-Q, NUCLEO-U5A5ZJ-Q, NUCLEO-WBA52CG, NUCLEO-WBA55CG, STEVAL-MKBOXPRO, STEVAL-PROTEUS1, STEVAL-STWINBX1, STM320518-EVAL, STM32C0116-DK, STM32C011D6Y3TR, STM32C011D6Y6TR, STM32C011F4P3, STM32C011F4P6, STM32C011F4U3, STM32C011F4U6TR, STM32C011F6P3, STM32C011F6P6, STM32C011F6U3, STM32C011F6U6TR, STM32C011J4M3, STM32C011J4M6, STM32C011J6M3, STM32C011J6M6, STM32C0316-DK, STM32C031C4T3, STM32C031C4T6, STM32C031C4U3, STM32C031C4U6, STM32C031C6T3, STM32C031C6T6, STM32C031C6U3, STM32C031C6U6, STM32C031F4P3, STM32C031F4P6, STM32C031F6P3, STM32C031F6P6, STM32C031G4U3, STM32C031G4U6, STM32C031G6U3, STM32C031G6U6, STM32C031K4T3, STM32C031K4T6, STM32C031K4U3, STM32C031K4U6, STM32C031K6T3, STM32C031K6T6, STM32C031K6U3, STM32C031K6U6, STM32G071K8TXN, STM32G071K8UXN, STM32G081GBU6N, STM32G081KBT6N, STM32G081KBUXN, STM32G0B1CCT6N, STM32G0B1KCT6, STM32G0B1NEY6TR, STM32G0B1RCT6N, STM32G0C1CCT6, STM32G0C1CCT6N, STM32G0C1CCU6N, STM32G0C1CET6N, STM32G0C1CEU6N, STM32G0C1KCT6, STM32G0C1NEY6TR, STM32G0C1RCI6N, STM32G0C1RCT6N, STM32G0C1REI6N, STM32G0C1RET6N, STM32G0C1VCI6, STM32G0C1VEI6, STM32G471CCT6, STM32G471CCU6, STM32G471CET3, STM32G471CET6, STM32G471CEU3, STM32G471CEU6, STM32G471MCT6, STM32G471MET3, STM32G471MET6, STM32G471MEY6TR, STM32G471QCT6, STM32G471QET3, STM32G471RCT6, STM32G471RET3, STM32G471RET6, STM32G471VCH6, STM32G471VCI6, STM32G471VCT6, STM32G471VEH3, STM32G471VEH6, STM32G471VEI3, STM32G471VEI6, STM32G471VET3, STM32G471VET6, STM32G474CCT6, STM32H503CBT6, STM32H503CBU6, STM32H503EBY6TR, STM32H503KBU6, STM32H503RBT6, STM32H562AGI6, STM32H562AII6, STM32H562IGK6, STM32H562IGT6, STM32H562IIK6, STM32H562IIT6, STM32H562RGT6, STM32H562RGV6, STM32H562RIT6, STM32H562RIV6, STM32H562VGT6, STM32H562VIT6, STM32H562ZGT6, STM32H562ZIT6, STM32H563AGI6, STM32H563AII3Q, STM32H563AII6, STM32H563IGK6, STM32H563IGT6, STM32H563IIK3Q, STM32H563IIK6, STM32H563IIT3Q, STM32H563IIT6, STM32H563MIY3QTR, STM32H563RGT6, STM32H563RGV6, STM32H563RIT6, STM32H563RIV6, STM32H563VGT6, STM32H563VIT3Q, STM32H563VIT6, STM32H563ZGT6, STM32H563ZIT3Q, STM32H563ZIT6, STM32H573AII3Q, STM32H573AII6, STM32H573I-DK, STM32H573IIK3Q, STM32H573IIK6, STM32H573IIT3Q, STM32H573IIT6, STM32H573MIY3QTR, STM32H573RIT6, STM32H573RIV6, STM32H573VIT3Q, STM32H573VIT6, STM32H573ZIT3Q, STM32H573ZIT6, STM32L4R5QGI6STR, STM32MP131AAE3, STM32MP131AAF3, STM32MP131AAG3, STM32MP131CAE3, STM32MP131CAF3, STM32MP131CAG3, STM32MP131DAE7, STM32MP131DAF7, STM32MP131DAG7, STM32MP131FAE7, STM32MP131FAF7, STM32MP131FAG7, STM32MP133AAE3, STM32MP133AAF3, STM32MP133AAG3, STM32MP133CAE3, STM32MP133CAF3, STM32MP133CAG3, STM32MP133DAE7, STM32MP133DAF7, STM32MP133DAG7, STM32MP133FAE7, STM32MP133FAF7, STM32MP133FAG7, STM32MP135AAE3, STM32MP135AAF3, STM32MP135AAG3, STM32MP135CAE3, STM32MP135CAF3, STM32MP135CAG3, STM32MP135DAE7, STM32MP135DAF7, STM32MP135DAG7, STM32MP135F-DK, STM32MP135FAE7, STM32MP135FAF7, STM32MP135FAF7T, STM32MP135FAF7U, STM32MP135FAG7, STM32U535CBT6, STM32U535CBT6Q, STM32U535CBU6, STM32U535CBU6Q, STM32U535CCT6, STM32U535CCT6Q, STM32U535CCU6, STM32U535CCU6Q, STM32U535CET6, STM32U535CET6Q, STM32U535CEU6, STM32U535CEU6Q, STM32U535JEY6QTR, STM32U535NCY6QTR, STM32U535NEY6QTR, STM32U535RBI6, STM32U535RBI6Q, STM32U535RBT6, STM32U535RBT6Q, STM32U535RCI6, STM32U535RCI6Q, STM32U535RCT6, STM32U535RCT6Q, STM32U535REI6, STM32U535REI6Q, STM32U535RET6, STM32U535RET6Q, STM32U535VCI6, STM32U535VCI6Q, STM32U535VCT6, STM32U535VCT6Q, STM32U535VEI6, STM32U535VEI6Q, STM32U535VET6, STM32U535VET6Q, STM32U545CET6, STM32U545CET6Q, STM32U545CEU6, STM32U545CEU6Q, STM32U545JEY6QTR, STM32U545NEY6QTR, STM32U545REI6, STM32U545REI6Q, STM32U545RET6, STM32U545RET6Q, STM32U545VEI6, STM32U545VEI6Q, STM32U545VET6, STM32U545VET6Q, STM32U595AIH6, STM32U595AIH6Q, STM32U595AJH6, STM32U595AJH6Q, STM32U595QII6, STM32U595QII6Q, STM32U595QJI6, STM32U595QJI6Q, STM32U595RIT6, STM32U595RIT6Q, STM32U595RJT6, STM32U595RJT6Q, STM32U595VIT6, STM32U595VIT6Q, STM32U595VJT6, STM32U595VJT6Q, STM32U595ZIT6, STM32U595ZIT6Q, STM32U595ZIY6QTR, STM32U595ZJT6, STM32U595ZJT6Q, STM32U595ZJY6QTR, STM32U599BJY6QTR, STM32U599NIH6Q, STM32U599NJH6Q, STM32U599VIT6Q, STM32U599VJT6, STM32U599VJT6Q, STM32U599ZIT6Q, STM32U599ZIY6QTR, STM32U599ZJT6Q, STM32U599ZJY6QTR, STM32U5A5AJH6, STM32U5A5AJH6Q, STM32U5A5QJI6, STM32U5A5QJI6Q, STM32U5A5RJT6, STM32U5A5RJT6Q, STM32U5A5VJT6, STM32U5A5VJT6Q, STM32U5A5ZJT6, STM32U5A5ZJT6Q, STM32U5A5ZJY6QTR, STM32U5A9BJY6QTR, STM32U5A9J-DK, STM32U5A9NJH6Q, STM32U5A9VJT6Q, STM32U5A9ZJT6Q, STM32U5A9ZJY6QTR, STM32U5F7VIT6, STM32U5F7VIT6Q, STM32U5F7VJT6, STM32U5F7VJT6Q, STM32U5F9BJY6QTR, STM32U5F9NJH6Q, STM32U5F9VIT6Q, STM32U5F9VJT6Q, STM32U5F9ZIJ6QTR, STM32U5F9ZIT6Q, STM32U5F9ZJJ6QTR, STM32U5F9ZJT6Q, STM32U5G7VJT6, STM32U5G7VJT6Q, STM32U5G9BJY6QTR, STM32U5G9J-DK1, STM32U5G9J-DK2, STM32U5G9NJH6Q, STM32U5G9VJT6Q, STM32U5G9ZJJ6QTR, STM32U5G9ZJT6Q, STM32WB1MMCH6, STM32WBA50KEU6, STM32WBA50KEU6TR, STM32WBA50KGU6, STM32WBA50KGU6TR, STM32WBA52CEU6, STM32WBA52CEU6TR, STM32WBA52CEU7, STM32WBA52CEU7TR, STM32WBA52CGU6, STM32WBA52CGU6TR, STM32WBA52CGU6U, STM32WBA52CGU7, STM32WBA52CGU7TR, STM32WBA52KEU6, STM32WBA52KEU6TR, STM32WBA52KGU6, STM32WBA52KGU6TR, STM32WBA54CEU6, STM32WBA54CEU6TR, STM32WBA54CEU7, STM32WBA54CEU7TR, STM32WBA54CGU6, STM32WBA54CGU6TR, STM32WBA54CGU7, STM32WBA54CGU7TR, STM32WBA54KEU6, STM32WBA54KEU6TR, STM32WBA54KEU7, STM32WBA54KEU7TR, STM32WBA54KGU6, STM32WBA54KGU6TR, STM32WBA54KGU7, STM32WBA54KGU7TR, STM32WBA55CEU6, STM32WBA55CEU6TR, STM32WBA55CEU7, STM32WBA55CEU7TR, STM32WBA55CGU6, STM32WBA55CGU6TR, STM32WBA55CGU6U, STM32WBA55CGU7, STM32WBA55CGU7TR, STM32WBA55G-DK1, STM32WBA55HEF6, STM32WBA55HEF7, STM32WBA55HGF6, STM32WBA55HGF7, STM32WBA55UEI6, STM32WBA55UEI6TR, STM32WBA55UEI7, STM32WBA55UEI7TR, STM32WBA55UGI6, STM32WBA55UGI6TR, STM32WBA55UGI7, STM32WBA55UGI7TR, STM32WL5MOCH6, STM32WL5MOCH6TR]
2024-02-23 17:43:47,402 [INFO] DbMcus:218 - Found 3930 MCUs, 3930 are supported
2024-02-23 17:43:47,403 [INFO] ApiDb:414 - User favorites file not found: C:\Users\vlab/.stm32cubeide/favorites.mcus.txt
2024-02-23 17:43:47,403 [INFO] DbMcus:224 - Set 0 / 0 favorites MCUs
2024-02-23 17:43:47,726 [INFO] ApiDb:668 - CubeFinder database Data Model version=2.1
2024-02-23 17:43:47,726 [INFO] ApiDb:669 - CubeFinder database Configuration version=3.0.39
2024-02-23 17:43:47,726 [INFO] ApiDb:670 - CubeFinder database generation date=2024-01-11 (1704964531)
2024-02-23 17:43:47,726 [INFO] ApiDb:671 - CubeFinder database FW Pack versions=[FP-ATR-ASTRA1_V2.0.0, FP-SNS-FLIGHT1_V5.0.1, FP-SNS-FLIGHT1_V5.0.2, FP-SNS-MOTENV1_V4.3.1, FP-SNS-MOTENV1_V4.3.2, FP-SNS-MOTENVWB1_V1.3.1, FP-SNS-SMARTAG2_V1.2.0, STM32Cube_FW_C0_V1.1.0, STM32Cube_FW_F4_V1.28.0, STM32Cube_FW_F7_V1.17.0, STM32Cube_FW_G0_V1.6.2, STM32Cube_FW_G4_V1.5.2, STM32Cube_FW_H5_V0.5.1, STM32Cube_FW_H5_V1.1.1, STM32Cube_FW_H5_V1.2.0RC2, STM32Cube_FW_H7_V1.11.0, STM32Cube_FW_L0_V1.12.2, STM32Cube_FW_L5_V1.5.0, STM32Cube_FW_U5_V1.3.0RC4, STM32Cube_FW_U5_V1.4.0, STM32Cube_FW_WBA_V1.0.0RC1, STM32Cube_FW_WBA_V1.1.0RC1, STM32Cube_FW_WBA_V1.2.0, STM32Cube_FW_WBA_V1.2.0RC2, STM32Cube_FW_WB_V1.15.0RC1, STM32Cube_FW_WB_V1.16.0, STM32Cube_FW_WB_V1.16.0RC2, STM32Cube_FW_WB_V1.18.0, STM32Cube_FW_WL_V1.3.0, X-CUBE-ALGOBUILD_V1.3.0, X-CUBE-ALS_V1.0.1, X-CUBE-AZRTOS-F4_V1.1.0, X-CUBE-AZRTOS-F7_V1.1.0, X-CUBE-AZRTOS-G0_V1.1.0, X-CUBE-AZRTOS-G4_V2.0.0, X-CUBE-AZRTOS-H7_V3.2.0, X-CUBE-AZRTOS-L4_V1.0.0, X-CUBE-AZRTOS-L4_V2.0.0, X-CUBE-AZRTOS-L5_V1.1.0, X-CUBE-AZRTOS-WB_V2.0.0, X-CUBE-AZRTOS-WL_V2.0.0, X-CUBE-BLE1_V7.0.0, X-CUBE-BLE2_V3.3.0, X-CUBE-BLEMGR_V3.0.0, X-CUBE-EEPRMA1_V4.1.0, X-CUBE-EEPRMA1_V4.2.0, X-CUBE-FREERTOS_V1.1.0, X-CUBE-GNSS1_V6.0.0, X-CUBE-MEMS1_V10.0.0, X-CUBE-MEMS1_V9.1.0, X-CUBE-MEMS1_V9.4.0, X-CUBE-MEMS1_V9.6.0, X-CUBE-NFC4_V3.0.0, X-CUBE-NFC7_V1.0.1, X-CUBE-SFXS2LP1_V4.0.0, X-CUBE-SUBG2_V5.0.0, X-CUBE-TOF1_V3.4.0]
2024-02-23 17:43:47,798 [INFO] DbBoardsSqlite:226 - include board P-NUCLEO-WB55-NUCLEO as a kit item of type 'Nucleo-64'
2024-02-23 17:43:47,799 [INFO] DbBoardsSqlite:226 - include board P-NUCLEO-WB55-USBDONGLE as a kit item of type 'Nucleo USB Dongle'
2024-02-23 17:43:47,800 [INFO] DbBoardsSqlite:226 - include board STEVAL-IDP005V1 as a kit item of type 'Evaluation Board'
2024-02-23 17:43:47,800 [INFO] DbBoardsSqlite:226 - include board STEVAL-IDP005V2 as a kit item of type 'Evaluation Board'
2024-02-23 17:43:47,871 [INFO] ApiDb:240 - Found 371 in-development CPN: [B-G473E-ZEST1S, B-WB1M-WPAN1, B-WL5M-SUBG1, NUCLEO-C031C6, NUCLEO-H503RB, NUCLEO-H563ZI, NUCLEO-U545RE-Q, NUCLEO-U5A5ZJ-Q, NUCLEO-WBA52CG, NUCLEO-WBA55CG, STEVAL-MKBOXPRO, STEVAL-PROTEUS1, STEVAL-STWINBX1, STM320518-EVAL, STM32C0116-DK, STM32C011D6Y3TR, STM32C011D6Y6TR, STM32C011F4P3, STM32C011F4P6, STM32C011F4U3, STM32C011F4U6TR, STM32C011F6P3, STM32C011F6P6, STM32C011F6U3, STM32C011F6U6TR, STM32C011J4M3, STM32C011J4M6, STM32C011J6M3, STM32C011J6M6, STM32C0316-DK, STM32C031C4T3, STM32C031C4T6, STM32C031C4U3, STM32C031C4U6, STM32C031C6T3, STM32C031C6T6, STM32C031C6U3, STM32C031C6U6, STM32C031F4P3, STM32C031F4P6, STM32C031F6P3, STM32C031F6P6, STM32C031G4U3, STM32C031G4U6, STM32C031G6U3, STM32C031G6U6, STM32C031K4T3, STM32C031K4T6, STM32C031K4U3, STM32C031K4U6, STM32C031K6T3, STM32C031K6T6, STM32C031K6U3, STM32C031K6U6, STM32G071K8TXN, STM32G071K8UXN, STM32G081GBU6N, STM32G081KBT6N, STM32G081KBUXN, STM32G0B1CCT6N, STM32G0B1KCT6, STM32G0B1NEY6TR, STM32G0B1RCT6N, STM32G0C1CCT6, STM32G0C1CCT6N, STM32G0C1CCU6N, STM32G0C1CET6N, STM32G0C1CEU6N, STM32G0C1KCT6, STM32G0C1NEY6TR, STM32G0C1RCI6N, STM32G0C1RCT6N, STM32G0C1REI6N, STM32G0C1RET6N, STM32G0C1VCI6, STM32G0C1VEI6, STM32G471CCT6, STM32G471CCU6, STM32G471CET3, STM32G471CET6, STM32G471CEU3, STM32G471CEU6, STM32G471MCT6, STM32G471MET3, STM32G471MET6, STM32G471MEY6TR, STM32G471QCT6, STM32G471QET3, STM32G471RCT6, STM32G471RET3, STM32G471RET6, STM32G471VCH6, STM32G471VCI6, STM32G471VCT6, STM32G471VEH3, STM32G471VEH6, STM32G471VEI3, STM32G471VEI6, STM32G471VET3, STM32G471VET6, STM32G474CCT6, STM32H503CBT6, STM32H503CBU6, STM32H503EBY6TR, STM32H503KBU6, STM32H503RBT6, STM32H562AGI6, STM32H562AII6, STM32H562IGK6, STM32H562IGT6, STM32H562IIK6, STM32H562IIT6, STM32H562RGT6, STM32H562RGV6, STM32H562RIT6, STM32H562RIV6, STM32H562VGT6, STM32H562VIT6, STM32H562ZGT6, STM32H562ZIT6, STM32H563AGI6, STM32H563AII3Q, STM32H563AII6, STM32H563IGK6, STM32H563IGT6, STM32H563IIK3Q, STM32H563IIK6, STM32H563IIT3Q, STM32H563IIT6, STM32H563MIY3QTR, STM32H563RGT6, STM32H563RGV6, STM32H563RIT6, STM32H563RIV6, STM32H563VGT6, STM32H563VIT3Q, STM32H563VIT6, STM32H563ZGT6, STM32H563ZIT3Q, STM32H563ZIT6, STM32H573AII3Q, STM32H573AII6, STM32H573I-DK, STM32H573IIK3Q, STM32H573IIK6, STM32H573IIT3Q, STM32H573IIT6, STM32H573MIY3QTR, STM32H573RIT6, STM32H573RIV6, STM32H573VIT3Q, STM32H573VIT6, STM32H573ZIT3Q, STM32H573ZIT6, STM32L4R5QGI6STR, STM32MP131AAE3, STM32MP131AAF3, STM32MP131AAG3, STM32MP131CAE3, STM32MP131CAF3, STM32MP131CAG3, STM32MP131DAE7, STM32MP131DAF7, STM32MP131DAG7, STM32MP131FAE7, STM32MP131FAF7, STM32MP131FAG7, STM32MP133AAE3, STM32MP133AAF3, STM32MP133AAG3, STM32MP133CAE3, STM32MP133CAF3, STM32MP133CAG3, STM32MP133DAE7, STM32MP133DAF7, STM32MP133DAG7, STM32MP133FAE7, STM32MP133FAF7, STM32MP133FAG7, STM32MP135AAE3, STM32MP135AAF3, STM32MP135AAG3, STM32MP135CAE3, STM32MP135CAF3, STM32MP135CAG3, STM32MP135DAE7, STM32MP135DAF7, STM32MP135DAG7, STM32MP135F-DK, STM32MP135FAE7, STM32MP135FAF7, STM32MP135FAF7T, STM32MP135FAF7U, STM32MP135FAG7, STM32U535CBT6, STM32U535CBT6Q, STM32U535CBU6, STM32U535CBU6Q, STM32U535CCT6, STM32U535CCT6Q, STM32U535CCU6, STM32U535CCU6Q, STM32U535CET6, STM32U535CET6Q, STM32U535CEU6, STM32U535CEU6Q, STM32U535JEY6QTR, STM32U535NCY6QTR, STM32U535NEY6QTR, STM32U535RBI6, STM32U535RBI6Q, STM32U535RBT6, STM32U535RBT6Q, STM32U535RCI6, STM32U535RCI6Q, STM32U535RCT6, STM32U535RCT6Q, STM32U535REI6, STM32U535REI6Q, STM32U535RET6, STM32U535RET6Q, STM32U535VCI6, STM32U535VCI6Q, STM32U535VCT6, STM32U535VCT6Q, STM32U535VEI6, STM32U535VEI6Q, STM32U535VET6, STM32U535VET6Q, STM32U545CET6, STM32U545CET6Q, STM32U545CEU6, STM32U545CEU6Q, STM32U545JEY6QTR, STM32U545NEY6QTR, STM32U545REI6, STM32U545REI6Q, STM32U545RET6, STM32U545RET6Q, STM32U545VEI6, STM32U545VEI6Q, STM32U545VET6, STM32U545VET6Q, STM32U595AIH6, STM32U595AIH6Q, STM32U595AJH6, STM32U595AJH6Q, STM32U595QII6, STM32U595QII6Q, STM32U595QJI6, STM32U595QJI6Q, STM32U595RIT6, STM32U595RIT6Q, STM32U595RJT6, STM32U595RJT6Q, STM32U595VIT6, STM32U595VIT6Q, STM32U595VJT6, STM32U595VJT6Q, STM32U595ZIT6, STM32U595ZIT6Q, STM32U595ZIY6QTR, STM32U595ZJT6, STM32U595ZJT6Q, STM32U595ZJY6QTR, STM32U599BJY6QTR, STM32U599NIH6Q, STM32U599NJH6Q, STM32U599VIT6Q, STM32U599VJT6, STM32U599VJT6Q, STM32U599ZIT6Q, STM32U599ZIY6QTR, STM32U599ZJT6Q, STM32U599ZJY6QTR, STM32U5A5AJH6, STM32U5A5AJH6Q, STM32U5A5QJI6, STM32U5A5QJI6Q, STM32U5A5RJT6, STM32U5A5RJT6Q, STM32U5A5VJT6, STM32U5A5VJT6Q, STM32U5A5ZJT6, STM32U5A5ZJT6Q, STM32U5A5ZJY6QTR, STM32U5A9BJY6QTR, STM32U5A9J-DK, STM32U5A9NJH6Q, STM32U5A9VJT6Q, STM32U5A9ZJT6Q, STM32U5A9ZJY6QTR, STM32U5F7VIT6, STM32U5F7VIT6Q, STM32U5F7VJT6, STM32U5F7VJT6Q, STM32U5F9BJY6QTR, STM32U5F9NJH6Q, STM32U5F9VIT6Q, STM32U5F9VJT6Q, STM32U5F9ZIJ6QTR, STM32U5F9ZIT6Q, STM32U5F9ZJJ6QTR, STM32U5F9ZJT6Q, STM32U5G7VJT6, STM32U5G7VJT6Q, STM32U5G9BJY6QTR, STM32U5G9J-DK1, STM32U5G9J-DK2, STM32U5G9NJH6Q, STM32U5G9VJT6Q, STM32U5G9ZJJ6QTR, STM32U5G9ZJT6Q, STM32WB1MMCH6, STM32WBA50KEU6, STM32WBA50KEU6TR, STM32WBA50KGU6, STM32WBA50KGU6TR, STM32WBA52CEU6, STM32WBA52CEU6TR, STM32WBA52CEU7, STM32WBA52CEU7TR, STM32WBA52CGU6, STM32WBA52CGU6TR, STM32WBA52CGU6U, STM32WBA52CGU7, STM32WBA52CGU7TR, STM32WBA52KEU6, STM32WBA52KEU6TR, STM32WBA52KGU6, STM32WBA52KGU6TR, STM32WBA54CEU6, STM32WBA54CEU6TR, STM32WBA54CEU7, STM32WBA54CEU7TR, STM32WBA54CGU6, STM32WBA54CGU6TR, STM32WBA54CGU7, STM32WBA54CGU7TR, STM32WBA54KEU6, STM32WBA54KEU6TR, STM32WBA54KEU7, STM32WBA54KEU7TR, STM32WBA54KGU6, STM32WBA54KGU6TR, STM32WBA54KGU7, STM32WBA54KGU7TR, STM32WBA55CEU6, STM32WBA55CEU6TR, STM32WBA55CEU7, STM32WBA55CEU7TR, STM32WBA55CGU6, STM32WBA55CGU6TR, STM32WBA55CGU6U, STM32WBA55CGU7, STM32WBA55CGU7TR, STM32WBA55G-DK1, STM32WBA55HEF6, STM32WBA55HEF7, STM32WBA55HGF6, STM32WBA55HGF7, STM32WBA55UEI6, STM32WBA55UEI6TR, STM32WBA55UEI7, STM32WBA55UEI7TR, STM32WBA55UGI6, STM32WBA55UGI6TR, STM32WBA55UGI7, STM32WBA55UGI7TR, STM32WL5MOCH6, STM32WL5MOCH6TR]
2024-02-23 17:43:48,226 [INFO] BoardInfo:889 - No configuration file found for board P-NUCLEO-WB55
2024-02-23 17:43:48,227 [INFO] DbBoards:161 - Kit is not supported: P-NUCLEO-WB55
2024-02-23 17:43:48,239 [INFO] BoardInfo:889 - No configuration file found for board STEVAL-BFA001V1B
2024-02-23 17:43:48,239 [INFO] DbBoards:161 - Kit is not supported: STEVAL-BFA001V1B
2024-02-23 17:43:48,242 [INFO] BoardInfo:889 - No configuration file found for board STEVAL-BFA001V2B
2024-02-23 17:43:48,243 [INFO] DbBoards:161 - Kit is not supported: STEVAL-BFA001V2B
2024-02-23 17:43:48,492 [INFO] DbBoards:168 - Found 193 boards, 190 are supported
2024-02-23 17:43:48,492 [INFO] DbBoards:169 - Found 193 boards, 3 of them is supported for  Bsp
2024-02-23 17:43:48,495 [INFO] ApiDb:414 - User favorites file not found: C:\Users\vlab/.stm32cubeide/favorites.boards.txt
2024-02-23 17:43:48,496 [INFO] DbBoards:198 - Set 0 / 0 favorites Boards
2024-02-23 17:43:48,498 [INFO] ApiDb:668 - CubeFinder database Data Model version=2.1
2024-02-23 17:43:48,498 [INFO] ApiDb:669 - CubeFinder database Configuration version=3.0.39
2024-02-23 17:43:48,498 [INFO] ApiDb:670 - CubeFinder database generation date=2024-01-11 (1704964531)
2024-02-23 17:43:48,499 [INFO] ApiDb:671 - CubeFinder database FW Pack versions=[FP-ATR-ASTRA1_V2.0.0, FP-SNS-FLIGHT1_V5.0.1, FP-SNS-FLIGHT1_V5.0.2, FP-SNS-MOTENV1_V4.3.1, FP-SNS-MOTENV1_V4.3.2, FP-SNS-MOTENVWB1_V1.3.1, FP-SNS-SMARTAG2_V1.2.0, STM32Cube_FW_C0_V1.1.0, STM32Cube_FW_F4_V1.28.0, STM32Cube_FW_F7_V1.17.0, STM32Cube_FW_G0_V1.6.2, STM32Cube_FW_G4_V1.5.2, STM32Cube_FW_H5_V0.5.1, STM32Cube_FW_H5_V1.1.1, STM32Cube_FW_H5_V1.2.0RC2, STM32Cube_FW_H7_V1.11.0, STM32Cube_FW_L0_V1.12.2, STM32Cube_FW_L5_V1.5.0, STM32Cube_FW_U5_V1.3.0RC4, STM32Cube_FW_U5_V1.4.0, STM32Cube_FW_WBA_V1.0.0RC1, STM32Cube_FW_WBA_V1.1.0RC1, STM32Cube_FW_WBA_V1.2.0, STM32Cube_FW_WBA_V1.2.0RC2, STM32Cube_FW_WB_V1.15.0RC1, STM32Cube_FW_WB_V1.16.0, STM32Cube_FW_WB_V1.16.0RC2, STM32Cube_FW_WB_V1.18.0, STM32Cube_FW_WL_V1.3.0, X-CUBE-ALGOBUILD_V1.3.0, X-CUBE-ALS_V1.0.1, X-CUBE-AZRTOS-F4_V1.1.0, X-CUBE-AZRTOS-F7_V1.1.0, X-CUBE-AZRTOS-G0_V1.1.0, X-CUBE-AZRTOS-G4_V2.0.0, X-CUBE-AZRTOS-H7_V3.2.0, X-CUBE-AZRTOS-L4_V1.0.0, X-CUBE-AZRTOS-L4_V2.0.0, X-CUBE-AZRTOS-L5_V1.1.0, X-CUBE-AZRTOS-WB_V2.0.0, X-CUBE-AZRTOS-WL_V2.0.0, X-CUBE-BLE1_V7.0.0, X-CUBE-BLE2_V3.3.0, X-CUBE-BLEMGR_V3.0.0, X-CUBE-EEPRMA1_V4.1.0, X-CUBE-EEPRMA1_V4.2.0, X-CUBE-FREERTOS_V1.1.0, X-CUBE-GNSS1_V6.0.0, X-CUBE-MEMS1_V10.0.0, X-CUBE-MEMS1_V9.1.0, X-CUBE-MEMS1_V9.4.0, X-CUBE-MEMS1_V9.6.0, X-CUBE-NFC4_V3.0.0, X-CUBE-NFC7_V1.0.1, X-CUBE-SFXS2LP1_V4.0.0, X-CUBE-SUBG2_V5.0.0, X-CUBE-TOF1_V3.4.0]
2024-02-23 17:43:49,599 [ERROR] DbExamplesSqlite:437 - Missing JSON key: board_cpn
2024-02-23 17:43:49,599 [ERROR] DbExamplesSqlite:437 - Missing JSON key: board_cpn
2024-02-23 17:43:49,599 [ERROR] DbExamplesSqlite:437 - Missing JSON key: board_cpn
2024-02-23 17:43:49,599 [ERROR] DbExamplesSqlite:437 - Missing JSON key: board_cpn
2024-02-23 17:43:49,661 [INFO] DbExamplesSqlite:395 - Ignored 55 examples not supported by CubeIDE
2024-02-23 17:43:49,661 [INFO] DbExamplesSqlite:396 - Found 7560 examples active
2024-02-23 17:43:49,661 [INFO] DbExamplesSqlite:397 - Found 844 examples obsolete
2024-02-23 17:43:49,661 [INFO] DbExamplesSqlite:398 - Found 0 examples under development
2024-02-23 17:43:49,661 [INFO] DbExamplesSqlite:399 - Found 8 examples not building
2024-02-23 17:43:49,664 [INFO] DbExamples:125 - Found 7513 examples
2024-02-23 17:43:49,686 [INFO] DbExamples:222 - Found 95 boards with related examples
2024-02-23 17:43:49,687 [INFO] DbExamples:235 - Found 80 MCUs with related examples
2024-02-23 17:43:49,717 [INFO] ApiDb:414 - User favorites file not found: C:\Users\vlab/.stm32cubeide/favorites.examples.txt
2024-02-23 17:43:49,717 [INFO] DbExamples:250 - Set 0 / 0 favorites Examples
2024-02-23 17:43:50,571 [INFO] McuFinderGlobals:76 - Set McuFinderConnectedMode to true
2024-02-23 17:43:50,621 [INFO] MultiScanPanel:200 - Auto-refresh data requested => check proxy status ongoing
2024-02-23 17:43:50,653 [INFO] FinderPluginLoader:95 - Searching for filters in installed packs
2024-02-23 17:43:53,630 [INFO] LoadUrlFilesThread:185 - End of LoadServerUrlFiles without Thread
2024-02-23 17:43:53,873 [INFO] DetailPanel:341 - Set advertising image to C:/Users/vlab/STM32Cube/Repository/\en.prom-stm32wl3-mcu-finder.jpg
2024-02-23 17:44:18,294 [INFO] MultiScanPanel:200 - Auto-refresh data requested => check proxy status ongoing
2024-02-23 17:44:18,485 [INFO] LoadUrlFilesThread:185 - End of LoadServerUrlFiles without Thread
2024-02-23 17:44:18,486 [INFO] DetailPanel:341 - Set advertising image to C:/Users/vlab/STM32Cube/Repository/\en.prom-stm32wl3-mcu-finder.jpg
2024-02-23 17:44:18,528 [INFO] DbBoards:642 - Loading board mini-images...
2024-02-23 17:44:20,060 [ERROR] DbBoards:659 - Image file not found for board NUCLEO-WBA55CG: C:\Users\vlab\.stmcufinder\plugins\mcufinder//mcu//boards_images/NUCLEO-WBA55CG.jpg
2024-02-23 17:44:21,544 [ERROR] DbBoards:659 - Image file not found for board STM32WBA55G-DK1: C:\Users\vlab\.stmcufinder\plugins\mcufinder//mcu//boards_images/STM32WBA55G-DK1.jpg
2024-02-23 17:44:21,544 [INFO] DbBoards:665 - Loaded 191 board mini-images
2024-02-23 17:46:33,486 [INFO] MainUpdater:2873 - connection check result : 10
2024-02-23 17:46:33,487 [INFO] MainUpdater:2873 - connection check result : 10
2024-02-23 17:46:33,725 [INFO] MicroXplorer:468 - Change Database Path : 
2024-02-23 17:46:33,725 [INFO] MicroXplorer:498 - Change Database Version : DB.6.0.100
2024-02-23 17:46:33,782 [WARN] ThirdParty:871 - waiting for thirdparty lock release [close project]
2024-02-23 17:46:33,783 [INFO] ThirdParty:873 - entering critical section [close project]
2024-02-23 17:46:33,808 [INFO] ThirdParty:883 - exiting critical section [close project]
2024-02-23 17:46:33,811 [INFO] PinOutPanel:1499 - setPackage(No Configuration,No Configuration)
2024-02-23 17:46:33,818 [INFO] UtilMem:75 - Begin LoadConfig() Used Memory: 446532584 Bytes (713031680)
2024-02-23 17:46:33,877 [INFO] OpenFileManager:312 - Change cursor
2024-02-23 17:46:34,097 [WARN] IntegrityCheckThread:84 - waiting for thirdparty lock release [integrity check]
2024-02-23 17:46:34,097 [INFO] IntegrityCheckThread:86 - entering critical section [integrity check]
2024-02-23 17:46:34,390 [INFO] ThirdParty:978 - Integrity check success = true
2024-02-23 17:46:34,390 [INFO] IntegrityCheckThread:100 - exiting critical section [integrity check]
2024-02-23 17:46:34,390 [INFO] IntegrityCheckThread:103 - End integrity checks thread
2024-02-23 17:46:34,539 [INFO] ProjectFactory:440 - No CPN specified for board NUCLEO-F401RE => set CPN to STM32F401RET6
2024-02-23 17:46:34,539 [INFO] Mcu:2016 - Initializing MCU STM32F401R(D-E)Tx STM32F401RETx STM32F401RET6
2024-02-23 17:46:37,558 [INFO] Context:659 - Trying to add GPIOservice into a context  which must be forbidden
2024-02-23 17:46:38,608 [INFO] Rule:228 - rule 117617 - U5Cobra4M][GTZC] default value MPCBB3 and MPCBB5 - Not Secured memory - MPCBB1 is applicable
2024-02-23 17:46:38,608 [INFO] Rule:228 - rule 117617 - U5Cobra4M][GTZC] default value MPCBB3 and MPCBB5 - Not Secured memory - MPCBB1 is applicable
2024-02-23 17:46:38,608 [INFO] Rule:228 - rule 117617 - U5Cobra4M][GTZC] default value MPCBB3 and MPCBB5 - Not Secured memory - MPCBB2 is applicable
2024-02-23 17:46:38,608 [INFO] Rule:228 - rule 117617 - U5Cobra4M][GTZC] default value MPCBB3 and MPCBB5 - Not Secured memory - MPCBB2 is applicable
2024-02-23 17:46:38,608 [INFO] Rule:228 - rule 117617 - U5Cobra4M][GTZC] default value MPCBB3 and MPCBB5 - Not Secured memory - MPCBB3 is applicable
2024-02-23 17:46:38,608 [INFO] Rule:228 - rule 117617 - U5Cobra4M][GTZC] default value MPCBB3 and MPCBB5 - Not Secured memory - MPCBB3 is applicable
2024-02-23 17:46:38,609 [INFO] Rule:228 - rule 117617 - U5Cobra4M][GTZC] default value MPCBB3 and MPCBB5 - Not Secured memory - MPCBB4 is applicable
2024-02-23 17:46:38,609 [INFO] Rule:228 - rule 117617 - U5Cobra4M][GTZC] default value MPCBB3 and MPCBB5 - Not Secured memory - MPCBB4 is applicable
2024-02-23 17:46:38,609 [INFO] Rule:228 - rule 117617 - U5Cobra4M][GTZC] default value MPCBB3 and MPCBB5 - Secured memory - MPCBB1 is applicable
2024-02-23 17:46:38,609 [INFO] Rule:228 - rule 117617 - U5Cobra4M][GTZC] default value MPCBB3 and MPCBB5 - Secured memory - MPCBB2 is applicable
2024-02-23 17:46:38,609 [INFO] Rule:228 - rule 117617 - U5Cobra4M][GTZC] default value MPCBB3 and MPCBB5 - Secured memory - MPCBB3 is applicable
2024-02-23 17:46:38,609 [INFO] Rule:228 - rule 117617 - U5Cobra4M][GTZC] default value MPCBB3 and MPCBB5 - Secured memory - MPCBB4 is applicable
2024-02-23 17:46:38,609 [INFO] Rule:228 - rule 117617 - U5Cobra4M][GTZC] default value MPCBB3 and MPCBB5 - Privileged memory - MPCBB1 is applicable
2024-02-23 17:46:38,609 [INFO] Rule:228 - rule 117617 - U5Cobra4M][GTZC] default value MPCBB3 and MPCBB5 - Privileged memory - MPCBB2 is applicable
2024-02-23 17:46:38,609 [INFO] Rule:228 - rule 117617 - U5Cobra4M][GTZC] default value MPCBB3 and MPCBB5 - Privileged memory - MPCBB3 is applicable
2024-02-23 17:46:38,609 [INFO] Rule:228 - rule 117617 - U5Cobra4M][GTZC] default value MPCBB3 and MPCBB5 - Privileged memory - MPCBB4 is applicable
2024-02-23 17:46:38,609 [INFO] Rule:228 - rule 117617 - U5Cobra4M][GTZC] default value MPCBB3 and MPCBB5 - Not Privileged memory - MPCBB1 is applicable
2024-02-23 17:46:38,609 [INFO] Rule:228 - rule 117617 - U5Cobra4M][GTZC] default value MPCBB3 and MPCBB5 - Not Privileged memory - MPCBB2 is applicable
2024-02-23 17:46:38,609 [INFO] Rule:228 - rule 117617 - U5Cobra4M][GTZC] default value MPCBB3 and MPCBB5 - Not Privileged memory - MPCBB3 is applicable
2024-02-23 17:46:38,610 [INFO] Rule:228 - rule 117617 - U5Cobra4M][GTZC] default value MPCBB3 and MPCBB5 - Not Privileged memory - MPCBB4 is applicable
2024-02-23 17:46:38,610 [INFO] Rule:228 - rule 117617 - U5Cobra4M][GTZC] default value MPCBB3 and MPCBB5 - Privileged memory - MPCBB1 is applicable
2024-02-23 17:46:38,610 [INFO] Rule:228 - rule 117617 - U5Cobra4M][GTZC] default value MPCBB3 and MPCBB5 - Privileged memory - MPCBB2 is applicable
2024-02-23 17:46:38,610 [INFO] Rule:228 - rule 117617 - U5Cobra4M][GTZC] default value MPCBB3 and MPCBB5 - Privileged memory - MPCBB3 is applicable
2024-02-23 17:46:38,610 [INFO] Rule:228 - rule 117617 - U5Cobra4M][GTZC] default value MPCBB3 and MPCBB5 - Privileged memory - MPCBB4 is applicable
2024-02-23 17:46:38,610 [INFO] Rule:228 - rule 117617 - U5Cobra4M][GTZC] default value MPCBB3 and MPCBB5 - Privileged memory - MPCBB1 is applicable
2024-02-23 17:46:38,610 [INFO] Rule:228 - rule 117617 - U5Cobra4M][GTZC] default value MPCBB3 and MPCBB5 - Privileged memory - MPCBB2 is applicable
2024-02-23 17:46:38,610 [INFO] Rule:228 - rule 117617 - U5Cobra4M][GTZC] default value MPCBB3 and MPCBB5 - Privileged memory - MPCBB3 is applicable
2024-02-23 17:46:38,610 [INFO] Rule:228 - rule 117617 - U5Cobra4M][GTZC] default value MPCBB3 and MPCBB5 - Privileged memory - MPCBB4 is applicable
2024-02-23 17:46:38,610 [INFO] Rule:228 - rule 117617 - U5Cobra4M][GTZC] default value MPCBB3 and MPCBB5 - Not Privileged memory - MPCBB1 is applicable
2024-02-23 17:46:38,611 [INFO] Rule:228 - rule 117617 - U5Cobra4M][GTZC] default value MPCBB3 and MPCBB5 - Not Privileged memory - MPCBB2 is applicable
2024-02-23 17:46:38,611 [INFO] Rule:228 - rule 117617 - U5Cobra4M][GTZC] default value MPCBB3 and MPCBB5 - Not Privileged memory - MPCBB3 is applicable
2024-02-23 17:46:38,611 [INFO] Rule:228 - rule 117617 - U5Cobra4M][GTZC] default value MPCBB3 and MPCBB5 - Not Privileged memory - MPCBB4 is applicable
2024-02-23 17:46:38,611 [INFO] Rule:228 - rule 117617 - U5Cobra4M][GTZC] default value MPCBB3 and MPCBB5 - Privileged memory - MPCBB1 is applicable
2024-02-23 17:46:38,611 [INFO] Rule:228 - rule 117617 - U5Cobra4M][GTZC] default value MPCBB3 and MPCBB5 - Privileged memory - MPCBB2 is applicable
2024-02-23 17:46:38,611 [INFO] Rule:228 - rule 117617 - U5Cobra4M][GTZC] default value MPCBB3 and MPCBB5 - Privileged memory - MPCBB3 is applicable
2024-02-23 17:46:38,611 [INFO] Rule:228 - rule 117617 - U5Cobra4M][GTZC] default value MPCBB3 and MPCBB5 - Privileged memory - MPCBB4 is applicable
2024-02-23 17:46:38,611 [INFO] Rule:228 - rule Rename SubGHz_Phy SUBGHZ_APPLICATION SUBGHZ_PINGPONG to SUBGHZ_ADV_APPLICATION is applicable
2024-02-23 17:46:38,611 [INFO] Rule:228 - rule Rename Enabled to IBEACON is applicable
2024-02-23 17:46:38,611 [INFO] Rule:228 - rule GTZC_S instance for project manager is applicable
2024-02-23 17:46:38,611 [INFO] Rule:228 - rule GTZC_S instance for context M33S is applicable
2024-02-23 17:46:38,612 [INFO] Rule:228 - rule GTZC_S instance value for IP GTZC is applicable
2024-02-23 17:46:38,612 [INFO] Rule:228 - rule GTZC_S instance for mcu.IP is applicable
2024-02-23 17:46:38,612 [INFO] Rule:228 - rule GTZC_S instance for VP is applicable
2024-02-23 17:46:38,612 [INFO] Rule:228 - rule GTZC_S instance for signal is applicable
2024-02-23 17:46:38,612 [INFO] Rule:228 - rule GTZC_S instance for mcu.Pin is applicable
2024-02-23 17:46:38,612 [INFO] Rule:228 - rule GTZC_S instance for VP is applicable
2024-02-23 17:46:38,612 [INFO] Rule:228 - rule GTZC_S instance for signal is applicable
2024-02-23 17:46:38,612 [INFO] Rule:228 - rule GTZC_S instance for mcu is applicable
2024-02-23 17:46:38,612 [INFO] Rule:228 - rule GTZC_S instance for mcu.Pin is applicable
2024-02-23 17:46:38,612 [INFO] Rule:228 - rule GTZC_S instance value for IP GTZC is applicable
2024-02-23 17:46:38,612 [INFO] Rule:228 - rule GTZC_S instance for project manager is applicable
2024-02-23 17:46:38,612 [INFO] Rule:228 - rule GTZC_S instance for context M33S is applicable
2024-02-23 17:46:38,613 [INFO] Rule:228 - rule GTZC_S instance for VP is applicable
2024-02-23 17:46:38,613 [INFO] Rule:228 - rule GTZC_S instance for signal is applicable
2024-02-23 17:46:38,613 [INFO] Rule:228 - rule SPDIFRX instance for mcu is applicable
2024-02-23 17:46:38,613 [INFO] Rule:228 - rule Rename Tracer Mode is applicable
2024-02-23 17:46:38,613 [INFO] Rule:228 - rule SPDIFRX instance value for IP SPDIFRX is applicable
2024-02-23 17:46:38,613 [INFO] Rule:228 - rule SPDIFRX instance for signal is applicable
2024-02-23 17:46:38,613 [INFO] Rule:228 - rule SPDIFRX instance for project manager is applicable
2024-02-23 17:46:38,613 [INFO] Rule:228 - rule SPDIFRX instance for project manager is applicable
2024-02-23 17:46:38,613 [INFO] Rule:228 - rule ADC Scan  fix with FW F7 is applicable
2024-02-23 17:46:38,613 [INFO] Rule:228 - rule ADC Scan  fix with FW F7 is applicable
2024-02-23 17:46:38,614 [INFO] Rule:228 - rule WakeUp0 Mode is applicable
2024-02-23 17:46:38,614 [INFO] Rule:228 - rule WakeUp0 SIGNAL is applicable
2024-02-23 17:46:38,615 [INFO] Rule:228 - rule WakeUp1 Mode is applicable
2024-02-23 17:46:38,615 [INFO] Rule:228 - rule WakeUp1 SIGNAL is applicable
2024-02-23 17:46:38,615 [INFO] Rule:228 - rule WakeUp2 Mode is applicable
2024-02-23 17:46:38,615 [INFO] Rule:228 - rule WakeUp2 SIGNAL is applicable
2024-02-23 17:46:38,615 [INFO] Rule:228 - rule WakeUp4 Mode is applicable
2024-02-23 17:46:38,616 [INFO] Rule:228 - rule WakeUp4 SIGNAL is applicable
2024-02-23 17:46:38,616 [INFO] Rule:228 - rule WakeUp5 Mode is applicable
2024-02-23 17:46:38,616 [INFO] Rule:228 - rule WakeUp5 SIGNAL is applicable
2024-02-23 17:46:38,616 [INFO] Rule:228 - rule Add RTC Activate Clock Source is applicable
2024-02-23 17:46:38,617 [INFO] Rule:228 - rule Add RTC Activate Calendar 1 is applicable
2024-02-23 17:46:38,617 [INFO] Rule:228 - rule Add RTC Activate Calendar 2 is applicable
2024-02-23 17:46:38,617 [INFO] Rule:228 - rule Add RTC Activate Calendar 3 is applicable
2024-02-23 17:46:38,617 [INFO] Rule:228 - rule UART/USART TX Mode is applicable
2024-02-23 17:46:38,617 [INFO] Rule:228 - rule UART/USART RX Mode is applicable
2024-02-23 17:46:38,617 [INFO] Rule:228 - rule UART/USART RX TX Mode is applicable
2024-02-23 17:46:38,617 [INFO] Rule:228 - rule UART/USART PARITY NONE is applicable
2024-02-23 17:46:38,617 [INFO] Rule:228 - rule UART/USART PARITY EVEN is applicable
2024-02-23 17:46:38,617 [INFO] Rule:228 - rule UART/USART PARITY ODD is applicable
2024-02-23 17:46:38,617 [INFO] Rule:228 - rule USART StopBits 1 is applicable
2024-02-23 17:46:38,618 [INFO] Rule:228 - rule USART StopBits 2 is applicable
2024-02-23 17:46:38,618 [INFO] Rule:228 - rule USART StopBits 1.5 is applicable
2024-02-23 17:46:38,618 [INFO] Rule:228 - rule USART StopBits 0.5 is applicable
2024-02-23 17:46:38,618 [INFO] Rule:228 - rule UART/USART WORD LENGTH 7 is applicable
2024-02-23 17:46:38,618 [INFO] Rule:228 - rule UART/USART WORD LENGTH 8 is applicable
2024-02-23 17:46:38,618 [INFO] Rule:228 - rule UART/USART WORD LENGTH 9 is applicable
2024-02-23 17:46:38,618 [INFO] Rule:228 - rule Rename FMC NAND NCE signal is applicable
2024-02-23 17:46:38,618 [INFO] Rule:228 - rule Rename FMC NAND INT signal is applicable
2024-02-23 17:46:38,618 [INFO] Rule:228 - rule Change Default Value for LSE Drive Capability for WB family is applicable
2024-02-23 17:46:38,618 [INFO] Rule:228 - rule Change Default Value for ADC Clock Prescaler G0 family is applicable
2024-02-23 17:46:38,618 [INFO] Rule:228 - rule Change Default Value for ADC ExternalTrigConv L4 family is applicable
2024-02-23 17:46:38,618 [INFO] Rule:228 - rule Change Default Value for ADC ExternalTrigInjecConv L4 family is applicable
2024-02-23 17:46:38,619 [INFO] Rule:228 - rule Change Default Value for ADC ExternalTrigConv F3 family is applicable
2024-02-23 17:46:38,619 [INFO] Rule:228 - rule Change Default Value for ADC ExternalTrigInjecConv F3 family is applicable
2024-02-23 17:46:38,619 [INFO] Rule:228 - rule Change Default Value for ADC ExternalTrigConv Goldfish serie is applicable
2024-02-23 17:46:38,619 [INFO] Rule:228 - rule Change Default Value for ADC ExternalTrigInjecConv Goldfish serie is applicable
2024-02-23 17:46:38,619 [INFO] Rule:228 - rule Change Default Value for ADC ExternalTrigConv L0 family is applicable
2024-02-23 17:46:38,619 [INFO] Rule:228 - rule Change Default Value for ADC ExternalTrigConv F0 family is applicable
2024-02-23 17:46:38,619 [INFO] Rule:228 - rule Change Default Value for ADC ExternalTrigConvn L1 family is applicable
2024-02-23 17:46:38,619 [INFO] Rule:228 - rule Change Default Value for ADC ExternalTrigInjecConv L1 family is applicable
2024-02-23 17:46:38,619 [INFO] Rule:228 - rule Change Default Value for ADC ExternalTrigConv F1 family is applicable
2024-02-23 17:46:38,619 [INFO] Rule:228 - rule Change Default Value for ADC ExternalTrigInjecConv F1 family is applicable
2024-02-23 17:46:38,620 [INFO] Rule:228 - rule Change Default Value for ADC ExternalTrigConv F7 family is applicable
2024-02-23 17:46:38,620 [INFO] Rule:228 - rule Change Default Value for ADC ExternalTrigInjecConv F7 family is applicable
2024-02-23 17:46:38,620 [INFO] Rule:228 - rule Change Default Value for ADC ExternalTrigConv F4 and F2 family is applicable
2024-02-23 17:46:38,620 [INFO] Rule:228 - rule Change Default Value for ADC ExternalTrigInjecConv F4 and F2 family is applicable
2024-02-23 17:46:38,620 [INFO] Rule:228 - rule ADC SamplingTime fix with FW L0  is applicable
2024-02-23 17:46:38,620 [INFO] Rule:228 - rule ADC SamplingTime fix with FW L0  is applicable
2024-02-23 17:46:38,620 [INFO] Rule:228 - rule ADC SamplingTime fix with FW L0 is applicable
2024-02-23 17:46:38,620 [INFO] Rule:228 - rule ADC SamplingTime fix with FW L0 is applicable
2024-02-23 17:46:38,620 [INFO] Rule:228 - rule ADC SamplingTime fix with FW L0  is applicable
2024-02-23 17:46:38,620 [INFO] Rule:228 - rule ADC SamplingTime fix with FW L0 is applicable
2024-02-23 17:46:38,620 [INFO] Rule:228 - rule Rename USB_OE Signal is applicable
2024-02-23 17:46:38,620 [INFO] Rule:228 - rule Rename Activate_OE Mode is applicable
2024-02-23 17:46:38,621 [INFO] Rule:228 - rule Rename DIE462/DIE415 pin PC14/OSC32_IN -> PC14-OSC32_IN (PC14) is applicable
2024-02-23 17:46:38,621 [INFO] Rule:228 - rule Rename DIE462/DIE415 pin PC15/OSC32_OUT -> PC15-OSC32_OUT (PC15) is applicable
2024-02-23 17:46:38,621 [INFO] Rule:228 - rule Rename DIE462/DIE415 pin PH0/OSC_IN -> PH0-OSC_IN (PH0) is applicable
2024-02-23 17:46:38,621 [INFO] Rule:228 - rule Rename DIE462/DIE415 pin PH1/OSC_OUT -> PH1-OSC_OUT (PH1) is applicable
2024-02-23 17:46:38,621 [INFO] Rule:228 - rule Rename DIE462 pin PA13 -> PA13 (JTMS/SWDIO) is applicable
2024-02-23 17:46:38,621 [INFO] Rule:228 - rule Rename DIE415 pin PA13 -> PA13 (JTMS/SWDIO) is applicable
2024-02-23 17:46:38,621 [INFO] Rule:228 - rule Rename DIE462 pin PA14 -> PA14 (JTCK/SWCLK) is applicable
2024-02-23 17:46:38,621 [INFO] Rule:228 - rule Rename DIE415 pin PA14 -> PA14 (JTCK/SWCLK) is applicable
2024-02-23 17:46:38,621 [INFO] Rule:228 - rule Rename DIE462/DIE415 pin PA15 -> PA15 (JTDI) is applicable
2024-02-23 17:46:38,621 [INFO] Rule:228 - rule Rename DIE462 pin PB3 -> PB3 (JTD0/TRACESWO) is applicable
2024-02-23 17:46:38,621 [INFO] Rule:228 - rule Rename DIE415 pin PB3 -> PB3 (JTD0-TRACESWO) is applicable
2024-02-23 17:46:38,621 [INFO] Rule:228 - rule Rename DIE462/DIE415 pin PB4 -> PB4 (NJTRST) is applicable
2024-02-23 17:46:38,622 [INFO] Rule:228 - rule Rename DIE462 pin PH3/BOOT0 -> PH3-BOOT0 (BOOT0) is applicable
2024-02-23 17:46:38,622 [INFO] Rule:228 - rule Rename CRYP DataEncryptionTypesList to Algorithm is applicable
2024-02-23 17:46:38,622 [INFO] Rule:228 - rule Rename AES DataEncryptionTypesList to Algorithm is applicable
2024-02-23 17:46:38,622 [INFO] Rule:228 - rule Rename TDESECB to CRYP_TDES_ECB is applicable
2024-02-23 17:46:38,622 [INFO] Rule:228 - rule Rename TDESCBC to CRYP_TDES_CBC is applicable
2024-02-23 17:46:38,622 [INFO] Rule:228 - rule Rename DESECB to CRYP_DES_ECB is applicable
2024-02-23 17:46:38,622 [INFO] Rule:228 - rule Rename DESCBC to CRYP_DES_CBC is applicable
2024-02-23 17:46:38,622 [INFO] Rule:228 - rule Rename AESECB to CRYP_AES_ECB is applicable
2024-02-23 17:46:38,622 [INFO] Rule:228 - rule Rename AESCBC to CRYP_AES_CBC is applicable
2024-02-23 17:46:38,622 [INFO] Rule:228 - rule Rename AESCTR to CRYP_AES_CTR is applicable
2024-02-23 17:46:38,622 [INFO] Rule:228 - rule Rename AESGCM to CRYP_AES_GCM is applicable
2024-02-23 17:46:38,623 [INFO] Rule:228 - rule Rename AESCCM to CRYP_AES_CCM is applicable
2024-02-23 17:46:38,623 [INFO] Rule:228 - rule Rename CAN TimeSeg1 to BS1 is applicable
2024-02-23 17:46:38,623 [INFO] Rule:228 - rule Rename CAN TimeSeg2 to BS2 is applicable
2024-02-23 17:46:38,623 [INFO] Rule:228 - rule Rename CAN SyncJumpWidth to SJW is applicable
2024-02-23 17:46:38,623 [INFO] Rule:228 - rule TimeTriggeredMode to TTCM is applicable
2024-02-23 17:46:38,623 [INFO] Rule:228 - rule Rename CAN AutoBusOff to ABOM is applicable
2024-02-23 17:46:38,623 [INFO] Rule:228 - rule Rename CAN AutoWakeUp to AWUM is applicable
2024-02-23 17:46:38,623 [INFO] Rule:228 - rule Rename CAN AutoRetransmission to NART is applicable
2024-02-23 17:46:38,623 [INFO] Rule:228 - rule Rename CAN ReceiveFifoLocked to RFLM is applicable
2024-02-23 17:46:38,623 [INFO] Rule:228 - rule Rename CAN TransmitFifoPriority to TXFP is applicable
2024-02-23 17:46:38,623 [INFO] Rule:228 - rule Rename HRTIMER HRTIM_OUTPUTFAULTLEVEL_HIGH in HRTIMER HRTIM_OUTPUTFAULTLEVEL_HIGHZ is applicable
2024-02-23 17:46:38,624 [INFO] Rule:228 - rule Rename TIMER TIM_CLEARINPUTSOURCE_OCREFCLR in  TIMER TIM_CLEARINPUTSOURCE_NONE for F7 family is applicable
2024-02-23 17:46:38,624 [INFO] Rule:228 - rule FDCAN_R1 - Rename FDCAN mode Master into Classic is applicable
2024-02-23 17:46:38,624 [INFO] Rule:228 - rule FDCAN_R2 - Rename FDCAN mode Slave into Classic is applicable
2024-02-23 17:46:38,624 [INFO] Rule:228 - rule FDCAN1_R3 - if PA10.Mode=FullDuplex, add Pin PA12 is applicable
2024-02-23 17:46:38,624 [INFO] Rule:228 - rule FDCAN1_R3 - if PA9.Mode=FullDuplex, add Pin PA11 is applicable
2024-02-23 17:46:38,624 [INFO] Rule:228 - rule FDCAN1_R3 - Alternatepin_1 - if PE1.Mode=FullDuplex, add Pin PB9 is applicable
2024-02-23 17:46:38,624 [INFO] Rule:228 - rule FDCAN1_R3 - Alternatepin_1 - if PE0.Mode=FullDuplex, add Pin PB8 is applicable
2024-02-23 17:46:38,624 [INFO] Rule:228 - rule FDCAN1_R3 - Alternatepin_2 - if PD5.Mode=FullDuplex, add Pin PD1 is applicable
2024-02-23 17:46:38,624 [INFO] Rule:228 - rule FDCAN1_R3 - Alternatepin_2 - if PD4.Mode=FullDuplex, add Pin PD0 is applicable
2024-02-23 17:46:38,624 [INFO] Rule:228 - rule FDCAN1_R4 - Rename Mode FullDuplex into Enable FDCAN_TXFD for pin PA10 is applicable
2024-02-23 17:46:38,625 [INFO] Rule:228 - rule FDCAN1_R4 - Rename Mode FullDuplex into Enable FDCAN_TXFD for pin PA9 is applicable
2024-02-23 17:46:38,625 [INFO] Rule:228 - rule FDCAN1_R4 - Alternatepin_1 - Rename Mode FullDuplex into Enable FDCAN_TXFD for pin PE1 is applicable
2024-02-23 17:46:38,625 [INFO] Rule:228 - rule FDCAN1_R4 - Alternatepin_1 - Rename Mode FullDuplex into Enable FDCAN_TXFD for pin PE0 is applicable
2024-02-23 17:46:38,625 [INFO] Rule:228 - rule FDCAN1_R4 - Alternatepin_2 - Rename Mode FullDuplex into Enable FDCAN_TXFD for pin PD5 is applicable
2024-02-23 17:46:38,625 [INFO] Rule:228 - rule FDCAN1_R4 - Alternatepin_2 - Rename Mode FullDuplex into Enable FDCAN_TXFD for pin PD4 is applicable
2024-02-23 17:46:38,625 [INFO] Rule:228 - rule FDCAN2_R3 - if PD10.Mode=FullDuplex, add Pin PB13 is applicable
2024-02-23 17:46:38,625 [INFO] Rule:228 - rule FDCAN2_R3 - if PD9.Mode=FullDuplex, add Pin PB12 is applicable
2024-02-23 17:46:38,625 [INFO] Rule:228 - rule FDCAN2_R3 - Alternatepin_1 - if PB7.Mode=FullDuplex, add Pin PB6 is applicable
2024-02-23 17:46:38,625 [INFO] Rule:228 - rule FDCAN2_R3 - Alternatepin_1 - if PD9.Mode=FullDuplex, add Pin PB12 is applicable
2024-02-23 17:46:38,625 [INFO] Rule:228 - rule FDCAN2_R4 - Rename Mode FullDuplex into Enable FDCAN_TXFD for pin PD10 is applicable
2024-02-23 17:46:38,626 [INFO] Rule:228 - rule FDCAN2_R4 - Rename Mode FullDuplex into Enable FDCAN_TXFD for pin PD9 is applicable
2024-02-23 17:46:38,626 [INFO] Rule:228 - rule FDCAN2_R4 - Alternatepin_1 - Rename Mode FullDuplex into Enable FDCAN_TXFD for pin PB7 is applicable
2024-02-23 17:46:38,626 [INFO] Rule:228 - rule FDCAN2_R4 - Alternatepin_1 - Rename Mode FullDuplex into Enable FDCAN_TXFD for pin PD6 is applicable
2024-02-23 17:46:38,626 [INFO] Rule:228 - rule USART TxPinLevelInvertParam Mode is applicable
2024-02-23 17:46:38,626 [INFO] Rule:228 - rule USART RxPinLevelInvertParam Mode is applicable
2024-02-23 17:46:38,626 [INFO] Rule:228 - rule USART DataInvertParam Mode is applicable
2024-02-23 17:46:38,626 [INFO] Rule:228 - rule USART SwapParam Mode is applicable
2024-02-23 17:46:38,626 [INFO] Rule:228 - rule USART OverrunDisableParam Mode is applicable
2024-02-23 17:46:38,626 [INFO] Rule:228 - rule USART DMADisableonRxErrorParam Mode is applicable
2024-02-23 17:46:38,626 [INFO] Rule:228 - rule USART MSBFirstParam Mode is applicable
2024-02-23 17:46:38,626 [INFO] Rule:228 - rule Update MwName for USB_DEVICE is applicable
2024-02-23 17:46:38,627 [INFO] Rule:228 - rule Change PWR_Regulator_Voltage_Scale Default Value for RCC  H7 family is applicable
2024-02-23 17:46:38,627 [INFO] Rule:228 - rule UART/USART IPParameter rename Prescaler parameter to ClockPrescaler is applicable
2024-02-23 17:46:38,627 [INFO] Rule:228 - rule UART/USART Prescaler rename Prescaler parameter to ClockPrescaler is applicable
2024-02-23 17:46:38,627 [INFO] Rule:228 - rule TIM1CLockSelection is applicable
2024-02-23 17:46:38,627 [INFO] Rule:228 - rule TIM15CLockSelection is applicable
2024-02-23 17:46:38,627 [INFO] Rule:228 - rule align RCC SDMMC3CLockSelection default value on MP1 is applicable
2024-02-23 17:46:38,627 [INFO] Rule:228 - rule align RCC SDMMC12CLockSelection default value on MP1 is applicable
2024-02-23 17:46:38,627 [INFO] Rule:228 - rule align RCC QSPICLockSelection default value on MP1 is applicable
2024-02-23 17:46:38,627 [INFO] Rule:228 - rule align RCC QSPICLockSelection default value on MP1 is applicable
2024-02-23 17:46:38,627 [INFO] Rule:228 - rule align RCC SPI6CLockSelection default value on MP1 is applicable
2024-02-23 17:46:38,627 [INFO] Rule:228 - rule align RCC LPTIM23CLockSelection default value on MP1 is applicable
2024-02-23 17:46:38,628 [INFO] Rule:228 - rule align RCC LPTIM1CLockSelection default value on MP1 is applicable
2024-02-23 17:46:38,628 [INFO] Rule:228 - rule align RCC USART1CLockSelection default value on MP1 is applicable
2024-02-23 17:46:38,628 [INFO] Rule:228 - rule align RCC USART24CLockSelection default value on MP1 is applicable
2024-02-23 17:46:38,628 [INFO] Rule:228 - rule align RCC USART6CLockSelection default value on MP1 is applicable
2024-02-23 17:46:38,630 [INFO] Rule:228 - rule align RCC UART78CLockSelection default value on MP1 is applicable
2024-02-23 17:46:38,630 [INFO] Rule:228 - rule align RCC USART35CLockSelection default value on MP1 is applicable
2024-02-23 17:46:38,631 [INFO] Rule:228 - rule align RCC SPI45CLockSelection default value on MP1 is applicable
2024-02-23 17:46:38,631 [INFO] Rule:228 - rule align RCC I2C46CLockSelection BCLK value on MP1 is applicable
2024-02-23 17:46:38,631 [INFO] Rule:228 - rule align RCC SPI45CLockSelection default value on MP1 is applicable
2024-02-23 17:46:38,631 [INFO] Rule:228 - rule align RCC I2C12CLockSelection default value on MP1 is applicable
2024-02-23 17:46:38,631 [INFO] Rule:228 - rule align RCC I2C35CLockSelection default value on MP1 is applicable
2024-02-23 17:46:38,631 [INFO] Rule:228 - rule align RCC LPTIM45CLockSelection default value on MP1 is applicable
2024-02-23 17:46:38,631 [INFO] Rule:228 - rule Rename DCMI PIXCK signal is applicable
2024-02-23 17:46:38,631 [INFO] Rule:228 - rule Change Default Value for I2C46CLockSelection MP1 family is applicable
2024-02-23 17:46:38,631 [INFO] Rule:228 - rule Change Default Value for UART for G4, G0 and WB families is applicable
2024-02-23 17:46:38,631 [INFO] Rule:228 - rule Change Default Value for USART for G4, G0 and WB families is applicable
2024-02-23 17:46:38,632 [INFO] Rule:228 - rule Change Default Value for USART for G4 family is applicable
2024-02-23 17:46:38,632 [INFO] Rule:228 - rule Change USART1CLockSelection refparam name for MP1 is applicable
2024-02-23 17:46:38,632 [INFO] Rule:228 - rule Change USART2CLockSelection refparam name for MP1 is applicable
2024-02-23 17:46:38,632 [INFO] Rule:228 - rule Change USART3CLockSelection refparam name for MP1 is applicable
2024-02-23 17:46:38,632 [INFO] Rule:228 - rule Change UART4CLockSelection refparam name for MP1 is applicable
2024-02-23 17:46:38,632 [INFO] Rule:228 - rule Change UART5CLockSelection refparam name for MP1 is applicable
2024-02-23 17:46:38,632 [INFO] Rule:228 - rule Change LPUART1CLockSelection refparam name for MP1 is applicable
2024-02-23 17:46:38,632 [INFO] Rule:228 - rule Change LPTIM1CLockSelection refparam name for MP1 is applicable
2024-02-23 17:46:38,632 [INFO] Rule:228 - rule Change LPTIM2CLockSelection refparam name for MP1 is applicable
2024-02-23 17:46:38,632 [INFO] Rule:228 - rule Change RCC_MCO1Source refparam name for MP1 is applicable
2024-02-23 17:46:38,633 [INFO] Rule:228 - rule Change LSCOSource1 refparam name for MP1 is applicable
2024-02-23 17:46:38,633 [INFO] Rule:228 - rule Change SMPSCLockSelection refparam name for MP1 is applicable
2024-02-23 17:46:38,633 [INFO] Rule:228 - rule Change LPTIM3CLockSelection refparam name for MP1 is applicable
2024-02-23 17:46:38,633 [INFO] Rule:228 - rule Change MPCBB* Default Template Mode to Parameters is applicable
2024-02-23 17:46:38,634 [INFO] Rule:228 - rule Change MPCWM* or MPCBB* Secure Mode to Parameters is applicable
2024-02-23 17:46:38,634 [INFO] Rule:228 - rule Change MPCWM* or MPCBB* No Secure Mode to Parameters is applicable
2024-02-23 17:46:38,634 [INFO] Rule:228 - rule Change TZSC IP Secure Mode to Parameters is applicable
2024-02-23 17:46:38,634 [INFO] Rule:228 - rule Change TZSC IP No Secure Mode to Parameters is applicable
2024-02-23 17:46:38,634 [INFO] Rule:228 - rule Change TZSC IP Privilege Mode to Parameters is applicable
2024-02-23 17:46:38,634 [INFO] Rule:228 - rule Change TZSC IP No Privilege Mode to Parameters is applicable
2024-02-23 17:46:38,634 [INFO] Rule:228 - rule Change TZIC IT Secure Mode to Parameters is applicable
2024-02-23 17:46:38,635 [INFO] Rule:228 - rule Change TZIC IT No Secure Mode to Parameters is applicable
2024-02-23 17:46:38,635 [INFO] Rule:228 - rule Add MPCBB1_NonSecureArea_Start_Address value with referenced to MPCBB1_NonSecureArea_Start value is applicable
2024-02-23 17:46:38,635 [INFO] Rule:228 - rule Add MPCBB2_NonSecureArea_Start_Address value with referenced to MPCBB2_NonSecureArea_Start value is applicable
2024-02-23 17:46:38,635 [INFO] Rule:228 - rule Add MPCWM1_NonSecureArea*_Start_Address value with referenced to MPCWM1_NonSecureArea*_Start value is applicable
2024-02-23 17:46:38,635 [INFO] Rule:228 - rule Add MPCWM2_NonSecureArea*_Start_Address value with referenced to MPCWM2_NonSecureArea*_Start value is applicable
2024-02-23 17:46:38,635 [INFO] Rule:228 - rule Add MPCWM3_NonSecureArea_Start_Address value with referenced to MPCWM3_NonSecureArea_Start value is applicable
2024-02-23 17:46:38,635 [INFO] Rule:228 - rule Change Default Value for PLL1UserDefinedConfig is applicable
2024-02-23 17:46:38,635 [INFO] Rule:228 - rule Change GPIO_PuPd Default Value for USART in async mode is applicable
2024-02-23 17:46:38,635 [INFO] Rule:228 - rule Change SMPSDivider Default Value is applicable
2024-02-23 17:46:38,635 [INFO] Rule:228 - rule OPAMP is applicable
2024-02-23 17:46:38,635 [INFO] Rule:228 - rule LPUART IPParameter rename Prescaler parameter to ClockPrescaler for STM32H7 is applicable
2024-02-23 17:46:38,635 [INFO] Rule:228 - rule LPUART IPParameter rename Prescaler parameter to ClockPrescaler for STM32H7 is applicable
2024-02-23 17:46:38,636 [INFO] Rule:228 - rule LPUART IPParameter rename Prescaler parameter to ClockPrescaler for STM32WB is applicable
2024-02-23 17:46:38,636 [INFO] Rule:228 - rule LPUART IPParameter rename Prescaler parameter to ClockPrescaler for STM32WB is applicable
2024-02-23 17:46:38,636 [INFO] Rule:228 - rule LPUART IPParameter rename Prescaler parameter to ClockPrescaler for STM32G4 is applicable
2024-02-23 17:46:38,636 [INFO] Rule:228 - rule LPUART IPParameter rename Prescaler parameter to ClockPrescaler for STM32G4 is applicable
2024-02-23 17:46:38,636 [INFO] Rule:228 - rule LPUART IPParameter rename Prescaler parameter to ClockPrescaler for STM32L5 is applicable
2024-02-23 17:46:38,636 [INFO] Rule:228 - rule LPUART IPParameter rename Prescaler parameter to ClockPrescaler for STM32L5 is applicable
2024-02-23 17:46:38,636 [INFO] Rule:228 - rule LPUART IPParameter rename Prescaler parameter to ClockPrescaler for STM32G4 is applicable
2024-02-23 17:46:38,636 [INFO] Rule:228 - rule LPUART IPParameter rename Prescaler parameter to ClockPrescaler for STM32G4 is applicable
2024-02-23 17:46:38,636 [INFO] Rule:228 - rule USB device lib V2.5.3 for L0 rename USBD_SUPPORT_USER_STRING parameter to USBD_SUPPORT_USER_STRING_DESC4 is applicable
2024-02-23 17:46:38,636 [INFO] Rule:228 - rule I2SCLockSelection clock entry align is applicable
2024-02-23 17:46:38,636 [INFO] Rule:228 - rule Assign TIMx context if used as SYS timebase is applicable
2024-02-23 17:46:38,636 [INFO] Rule:228 - rule Change GPIO_Pu Default Value for I2C is applicable
2024-02-23 17:46:38,637 [INFO] Rule:228 - rule Change GPIO_Pu Default Value for SMBus is applicable
2024-02-23 17:46:38,637 [INFO] Rule:228 - rule change FDCAN default value is applicable
2024-02-23 17:46:38,637 [INFO] Rule:228 - rule Change mode sai is applicable
2024-02-23 17:46:38,637 [INFO] Rule:228 - rule **Change sai mode is applicable
2024-02-23 17:46:38,637 [INFO] Rule:228 - rule Rename STM32WPAN CFG_BLE_IRK to CFG_BLE_IR is applicable
2024-02-23 17:46:38,637 [INFO] Rule:228 - rule Rename STM32WPAN CFG_BLE_ERK to CFG_BLE_ER is applicable
2024-02-23 17:46:38,637 [INFO] Rule:228 - rule Rename STM32WPAN CFG_BLE_IRK_HEX to CFG_BLE_IR_HEX is applicable
2024-02-23 17:46:38,637 [INFO] Rule:228 - rule Rename STM32WPAN CFG_BLE_ERK_HEX to CFG_BLE_ER_HEX is applicable
2024-02-23 17:46:38,657 [INFO] DbConfProperties:307 - Apply Compatibility (49/262 Rules)
2024-02-23 17:46:38,720 [INFO] ImportTextPane:194 - (OptionalMessage_ERROR) Unable to find key (Mcu.ThirdPartyNb) in loaded IOC file
2024-02-23 17:46:38,877 [INFO] RtosManager:555 - Registered RTOS mode: class=CMSIS, group=RTOS, mode=CMSIS_V1, owner=FREERTOS
2024-02-23 17:46:38,877 [INFO] RtosManager:555 - Registered RTOS mode: class=CMSIS, group=RTOS2, mode=CMSIS_V2, owner=FREERTOS
2024-02-23 17:46:38,877 [INFO] RtosManager:555 - Registered RTOS mode: class=RTOS, group=Core, mode=CMSIS_V1, owner=FREERTOS
2024-02-23 17:46:38,878 [INFO] RtosManager:555 - Registered RTOS mode: class=RTOS, group=Core, mode=CMSIS_V2, owner=FREERTOS
2024-02-23 17:46:38,878 [WARN] ModelIntegratedComponent:184 - Missing modes for component STMicroelectronics:FreeRTOS:0.0.1:STMicroelectronics:RTOS:FreeRTOS:Core:::10.2.0:
2024-02-23 17:46:38,882 [WARN] ModelIntegratedComponent:63 - No mode defined for component null
2024-02-23 17:46:38,882 [WARN] ModelIntegratedComponent:63 - No mode defined for component null
2024-02-23 17:46:38,882 [WARN] ModelIntegratedComponent:63 - No mode defined for component null
2024-02-23 17:46:38,882 [WARN] ModelIntegratedComponent:63 - No mode defined for component null
2024-02-23 17:46:38,882 [WARN] ModelIntegratedComponent:63 - No mode defined for component null
2024-02-23 17:46:38,882 [WARN] ModelIntegratedComponent:63 - No mode defined for component null
2024-02-23 17:46:38,882 [WARN] ModelIntegratedComponent:63 - No mode defined for component null
2024-02-23 17:46:38,883 [WARN] ModelIntegratedComponent:63 - No mode defined for component null
2024-02-23 17:46:38,883 [WARN] ModelIntegratedComponent:63 - No mode defined for component null
2024-02-23 17:46:38,883 [WARN] ModelIntegratedComponent:63 - No mode defined for component null
2024-02-23 17:46:38,883 [WARN] ModelIntegratedComponent:63 - No mode defined for component null
2024-02-23 17:46:38,883 [WARN] ModelIntegratedComponent:63 - No mode defined for component null
2024-02-23 17:46:38,883 [WARN] ModelIntegratedComponent:63 - No mode defined for component null
2024-02-23 17:46:38,883 [WARN] ModelIntegratedComponent:63 - No mode defined for component null
2024-02-23 17:46:38,883 [WARN] ModelIntegratedComponent:63 - No mode defined for component null
2024-02-23 17:46:38,883 [WARN] ModelIntegratedComponent:63 - No mode defined for component null
2024-02-23 17:46:38,883 [WARN] ModelIntegratedComponent:63 - No mode defined for component null
2024-02-23 17:46:38,883 [WARN] ModelIntegratedComponent:63 - No mode defined for component null
2024-02-23 17:46:38,884 [WARN] ModelIntegratedComponent:63 - No mode defined for component null
2024-02-23 17:46:38,884 [WARN] ModelIntegratedComponent:63 - No mode defined for component null
2024-02-23 17:46:38,884 [WARN] ModelIntegratedComponent:63 - No mode defined for component null
2024-02-23 17:46:38,885 [WARN] ModelIntegratedComponent:63 - No mode defined for component null
2024-02-23 17:46:38,885 [WARN] ModelIntegratedComponent:63 - No mode defined for component null
2024-02-23 17:46:38,885 [WARN] ModelIntegratedComponent:63 - No mode defined for component null
2024-02-23 17:46:38,885 [WARN] ModelIntegratedComponent:63 - No mode defined for component null
2024-02-23 17:46:38,885 [WARN] ModelIntegratedComponent:63 - No mode defined for component null
2024-02-23 17:46:38,885 [WARN] ModelIntegratedComponent:63 - No mode defined for component null
2024-02-23 17:46:38,885 [WARN] ModelIntegratedComponent:63 - No mode defined for component null
2024-02-23 17:46:38,885 [WARN] ModelIntegratedComponent:63 - No mode defined for component null
2024-02-23 17:46:38,885 [WARN] ModelIntegratedComponent:63 - No mode defined for component null
2024-02-23 17:46:38,885 [WARN] ModelIntegratedComponent:63 - No mode defined for component null
2024-02-23 17:46:38,886 [WARN] ModelIntegratedComponent:63 - No mode defined for component null
2024-02-23 17:46:38,886 [WARN] ModelIntegratedComponent:63 - No mode defined for component null
2024-02-23 17:46:38,896 [INFO] ThirdPartyModel:298 - Start build external matchings
2024-02-23 17:46:38,898 [INFO] ThirdPartyModel:316 - End build external matchings
2024-02-23 17:46:38,904 [INFO] ImportTextPane:194 - (OptionalMessage_ERROR) IP (RCC) : Parameter (RTCHSEDivFreq_Value) has invalid value (4000000)
2024-02-23 17:46:39,542 [INFO] UtilMem:75 - End LoadConfig() Used Memory: 681275912 Bytes (861929472)
2024-02-23 17:46:39,813 [INFO] MicroXplorer:468 - Change Database Path : 
2024-02-23 17:46:39,813 [INFO] MicroXplorer:498 - Change Database Version : DB.6.0.100
2024-02-23 17:46:39,814 [WARN] ThirdParty:833 - waiting for thirdparty lock release [change project]
2024-02-23 17:46:39,814 [INFO] ThirdParty:835 - entering critical section [change project]
2024-02-23 17:46:39,814 [INFO] ThirdParty:1030 - CMSIS Pack Vendor :STMicroelectronics USBPD 4.1
2024-02-23 17:46:39,814 [INFO] ThirdParty:1030 - CMSIS Pack Vendor :STMicroelectronics ThreadX 1.0.0
2024-02-23 17:46:39,814 [INFO] ThirdParty:1030 - CMSIS Pack Vendor :STMicroelectronics USB_HOST 2.0.0
2024-02-23 17:46:39,814 [INFO] ThirdParty:1030 - CMSIS Pack Vendor :STMicroelectronics LIBJPEG 8.0.0
2024-02-23 17:46:39,814 [INFO] ThirdParty:1030 - CMSIS Pack Vendor :STMicroelectronics FreeRTOS 0.0.1
2024-02-23 17:46:39,814 [INFO] ThirdParty:1030 - CMSIS Pack Vendor :STMicroelectronics USB_DEVICE 1.0.0
2024-02-23 17:46:39,814 [INFO] ThirdParty:1030 - CMSIS Pack Vendor :STMicroelectronics STM32_WPAN 1.0.0
2024-02-23 17:46:39,814 [INFO] ThirdParty:1030 - CMSIS Pack Vendor :STMicroelectronics USB_DEVICE 3.0.0
2024-02-23 17:46:39,814 [INFO] ThirdParty:1030 - CMSIS Pack Vendor :STMicroelectronics HAL Drivers 0.0.0
2024-02-23 17:46:39,814 [INFO] ThirdParty:1030 - CMSIS Pack Vendor :STMicroelectronics MBEDTLS 2.16.2
2024-02-23 17:46:39,814 [INFO] ThirdParty:1030 - CMSIS Pack Vendor :STMicroelectronics ThreadX 0.0.2
2024-02-23 17:46:39,814 [INFO] ThirdParty:1030 - CMSIS Pack Vendor :STMicroelectronics lwIP 2.0.3
2024-02-23 17:46:39,814 [INFO] ThirdParty:1030 - CMSIS Pack Vendor :STMicroelectronics lwIP 2.1.2
2024-02-23 17:46:39,815 [INFO] ThirdParty:1030 - CMSIS Pack Vendor :STMicroelectronics MBEDTLS 2.14.1
2024-02-23 17:46:39,815 [INFO] ThirdParty:1030 - CMSIS Pack Vendor :STMicroelectronics USB_HOST 1.0.0
2024-02-23 17:46:39,815 [INFO] ThirdParty:1030 - CMSIS Pack Vendor :STMicroelectronics PDM2PCM 3.1.0
2024-02-23 17:46:39,815 [INFO] ThirdParty:1030 - CMSIS Pack Vendor :STMicroelectronics PDM2PCM 3.2.0
2024-02-23 17:46:39,815 [INFO] ThirdParty:1030 - CMSIS Pack Vendor :STMicroelectronics USB_DEVICE 2.0.0
2024-02-23 17:46:39,815 [INFO] ThirdParty:1030 - CMSIS Pack Vendor :STMicroelectronics PDM2PCM 3.3.0
2024-02-23 17:46:39,815 [INFO] ThirdParty:841 - exiting critical section [change project]
2024-02-23 17:46:40,641 [INFO] PinOutPanel:1499 - setPackage(No Configuration,No Configuration)
2024-02-23 17:46:40,674 [INFO] PinOutPanel:1499 - setPackage(STM32F401RETx,LQFP64)
2024-02-23 17:46:42,203 [INFO] UtilMem:75 - Before build in PCC Used Memory: 586651728 Bytes (861929472)
2024-02-23 17:46:44,019 [INFO] UtilMem:75 - After build in PCC Used Memory: 699373624 Bytes (861929472)
2024-02-23 17:46:44,070 [INFO] IPUIPlugin:80 - create IPUIPlugin
2024-02-23 17:46:44,071 [INFO] IPUIPlugin:80 - create IPUIPlugin
2024-02-23 17:46:44,071 [INFO] IPUIPlugin:80 - create IPUIPlugin
2024-02-23 17:46:44,071 [INFO] IPUIPlugin:80 - create IPUIPlugin
2024-02-23 17:46:44,071 [INFO] IPUIPlugin:80 - create IPUIPlugin
2024-02-23 17:46:44,072 [INFO] IPUIPlugin:80 - create IPUIPlugin
2024-02-23 17:46:44,072 [INFO] IPUIPlugin:80 - create IPUIPlugin
2024-02-23 17:46:44,072 [INFO] IPUIPlugin:80 - create IPUIPlugin
2024-02-23 17:46:44,072 [INFO] IPUIPlugin:80 - create IPUIPlugin
2024-02-23 17:46:44,072 [INFO] IPUIPlugin:80 - create IPUIPlugin
2024-02-23 17:46:44,072 [INFO] IPUIPlugin:80 - create IPUIPlugin
2024-02-23 17:46:44,072 [INFO] IPUIPlugin:80 - create IPUIPlugin
2024-02-23 17:46:44,072 [INFO] IPUIPlugin:80 - create IPUIPlugin
2024-02-23 17:46:44,072 [INFO] IPUIPlugin:80 - create IPUIPlugin
2024-02-23 17:46:44,072 [INFO] IPUIPlugin:80 - create IPUIPlugin
2024-02-23 17:46:44,072 [INFO] IPUIPlugin:80 - create IPUIPlugin
2024-02-23 17:46:44,072 [INFO] IPUIPlugin:80 - create IPUIPlugin
2024-02-23 17:46:44,072 [INFO] IPUIPlugin:80 - create IPUIPlugin
2024-02-23 17:46:44,072 [INFO] IPUIPlugin:80 - create IPUIPlugin
2024-02-23 17:46:44,072 [INFO] IPUIPlugin:80 - create IPUIPlugin
2024-02-23 17:46:44,072 [INFO] IPUIPlugin:80 - create IPUIPlugin
2024-02-23 17:46:44,072 [INFO] IPUIPlugin:80 - create IPUIPlugin
2024-02-23 17:46:44,077 [INFO] IPUIPlugin:80 - create IPUIPlugin
2024-02-23 17:46:44,077 [INFO] IPUIPlugin:80 - create IPUIPlugin
2024-02-23 17:46:44,078 [INFO] IPUIPlugin:80 - create IPUIPlugin
2024-02-23 17:46:44,078 [INFO] IPUIPlugin:80 - create IPUIPlugin
2024-02-23 17:46:44,078 [INFO] IPUIPlugin:80 - create IPUIPlugin
2024-02-23 17:46:44,079 [INFO] IPUIPlugin:80 - create IPUIPlugin
2024-02-23 17:46:44,079 [INFO] IPUIPlugin:80 - create IPUIPlugin
2024-02-23 17:46:44,079 [INFO] IPUIPlugin:80 - create IPUIPlugin
2024-02-23 17:46:44,079 [INFO] IPUIPlugin:80 - create IPUIPlugin
2024-02-23 17:46:44,081 [INFO] IPUIPlugin:80 - create IPUIPlugin
2024-02-23 17:46:44,081 [INFO] IPUIPlugin:80 - create IPUIPlugin
2024-02-23 17:46:44,082 [INFO] IPUIPlugin:80 - create IPUIPlugin
2024-02-23 17:46:44,083 [INFO] IPUIPlugin:80 - create IPUIPlugin
2024-02-23 17:46:44,083 [INFO] IPUIPlugin:80 - create IPUIPlugin
2024-02-23 17:46:44,084 [INFO] IPUIPlugin:80 - create IPUIPlugin
2024-02-23 17:46:44,084 [INFO] IPUIPlugin:80 - create IPUIPlugin
2024-02-23 17:46:44,320 [INFO] ApiDbMcu:508 - Load IP Config File for PDM2PCM
2024-02-23 17:46:45,345 [INFO] CADModel:165 - CPN selected for project levelSTM32F401RET6
2024-02-23 17:46:45,346 [INFO] CADModel:114 - Register for checkConnection events
2024-02-23 17:46:45,414 [INFO] OpenFileManager:343 - Restore cursor
2024-02-23 17:46:50,395 [INFO] UtilMem:75 - End SaveConfig() Used Memory: 545243760 Bytes (861929472)
2024-02-23 17:46:50,628 [INFO] UtilMem:75 - End SaveConfig() Used Memory: 560972400 Bytes (861929472)
2024-02-23 17:46:51,791 [INFO] BlockDiagram:2759 - set Specific Code input for plugin: NVIC
2024-02-23 17:46:51,791 [INFO] BlockDiagram:2759 - set Specific Code input for plugin: USART
2024-02-23 17:46:51,791 [INFO] BlockDiagram:2759 - set Specific Code input for plugin: SYS
2024-02-23 17:46:51,792 [INFO] BlockDiagram:2759 - set Specific Code input for plugin: GPIO
2024-02-23 17:46:51,792 [INFO] BlockDiagram:2759 - set Specific Code input for plugin: RCC
2024-02-23 17:46:51,806 [INFO] CodeGenerator:807 - code generatio: config db path: C:\ST\STM32CubeIDE_1.14.1\STM32CubeIDE\plugins\com.st.stm32cube.common.mx_6.10.0.202311202037\\db\
2024-02-23 17:46:52,600 [INFO] CodeEngine:255 - oldGeneratedFile, C:\Users\vlab\STM32CubeIDE\workspace_1.14.1\GPIO_INPUT\MXTmpFiles\license.tmp_save
2024-02-23 17:46:53,453 [INFO] CodeEngine:279 - Generated code: C:\Users\vlab\STM32CubeIDE\workspace_1.14.1\GPIO_INPUT\MXTmpFiles\license.tmp
2024-02-23 17:46:53,573 [INFO] CodeEngine:255 - oldGeneratedFile, C:\Users\vlab\STM32CubeIDE\workspace_1.14.1\GPIO_INPUT\MXTmpFiles\gpio.tmp_save
2024-02-23 17:46:53,778 [INFO] CodeEngine:279 - Generated code: C:\Users\vlab\STM32CubeIDE\workspace_1.14.1\GPIO_INPUT\MXTmpFiles\gpio.tmp
2024-02-23 17:46:54,052 [INFO] CodeEngine:255 - oldGeneratedFile, C:\Users\vlab\STM32CubeIDE\workspace_1.14.1\GPIO_INPUT\Core\Src\stm32f4xx_it.c_save
2024-02-23 17:46:54,257 [INFO] CodeEngine:279 - Generated code: C:\Users\vlab\STM32CubeIDE\workspace_1.14.1\GPIO_INPUT\Core\Src\stm32f4xx_it.c
2024-02-23 17:46:54,267 [INFO] CodeEngine:255 - oldGeneratedFile, C:\Users\vlab\STM32CubeIDE\workspace_1.14.1\GPIO_INPUT\Core\Inc\stm32f4xx_it.h_save
2024-02-23 17:46:54,415 [INFO] CodeEngine:279 - Generated code: C:\Users\vlab\STM32CubeIDE\workspace_1.14.1\GPIO_INPUT\Core\Inc\stm32f4xx_it.h
2024-02-23 17:46:54,463 [INFO] CodeEngine:255 - oldGeneratedFile, C:\Users\vlab\STM32CubeIDE\workspace_1.14.1\GPIO_INPUT\Core\Src\stm32f4xx_hal_msp.c_save
2024-02-23 17:46:54,662 [INFO] CodeEngine:279 - Generated code: C:\Users\vlab\STM32CubeIDE\workspace_1.14.1\GPIO_INPUT\Core\Src\stm32f4xx_hal_msp.c
2024-02-23 17:46:54,670 [INFO] CodeEngine:255 - oldGeneratedFile, C:\Users\vlab\STM32CubeIDE\workspace_1.14.1\GPIO_INPUT\MXTmpFiles\system.tmp_save
2024-02-23 17:46:54,795 [INFO] CodeEngine:279 - Generated code: C:\Users\vlab\STM32CubeIDE\workspace_1.14.1\GPIO_INPUT\MXTmpFiles\system.tmp
2024-02-23 17:46:54,811 [INFO] CodeEngine:311 - oldGeneratedFile, C:\Users\vlab\STM32CubeIDE\workspace_1.14.1\GPIO_INPUT\Core\Inc\stm32f4xx_hal_conf.h_save
2024-02-23 17:46:55,006 [INFO] CodeEngine:335 - Generated code: C:\Users\vlab\STM32CubeIDE\workspace_1.14.1\GPIO_INPUT\Core\Inc\stm32f4xx_hal_conf.h
2024-02-23 17:46:55,189 [INFO] CodeEngine:255 - oldGeneratedFile, C:\Users\vlab\STM32CubeIDE\workspace_1.14.1\GPIO_INPUT\Core\Inc\main.h_save
2024-02-23 17:46:55,337 [INFO] CodeEngine:279 - Generated code: C:\Users\vlab\STM32CubeIDE\workspace_1.14.1\GPIO_INPUT\Core\Inc\main.h
2024-02-23 17:46:55,345 [INFO] CodeEngine:255 - oldGeneratedFile, C:\Users\vlab\STM32CubeIDE\workspace_1.14.1\GPIO_INPUT\Core\Src\main.c_save
2024-02-23 17:46:55,570 [INFO] CodeEngine:279 - Generated code: C:\Users\vlab\STM32CubeIDE\workspace_1.14.1\GPIO_INPUT\Core\Src\main.c
2024-02-23 17:46:57,818 [INFO] ProjectBuilder:3076 - Time for Copy HAL[1] : 915mS.
2024-02-23 17:46:57,886 [INFO] ProjectBuilder:4485 - Project Generator version: 4.2.0-B44
2024-02-23 17:46:58,737 [INFO] ConfigFileManager:1495 - The Die is : DIE433
2024-02-23 17:46:58,813 [INFO] ApiDbMcu:508 - Load IP Config File for FATFS
2024-02-23 17:46:58,846 [INFO] ApiDbMcu:508 - Load IP Config File for FREERTOS
2024-02-23 17:46:58,880 [INFO] ApiDbMcu:508 - Load IP Config File for LIBJPEG
2024-02-23 17:46:58,906 [INFO] ApiDbMcu:508 - Load IP Config File for MBEDTLS
2024-02-23 17:46:58,975 [INFO] ApiDbMcu:508 - Load IP Config File for USB_DEVICE
2024-02-23 17:46:58,981 [INFO] ApiDbMcu:508 - Load IP Config File for USB_HOST
2024-02-23 17:47:01,373 [INFO] LogOutputStream:77 - [STDOUT_REDIRECT] 
2024-02-23 17:47:13,714 [INFO] ProjectBuilder:4747 - Time for Generating toolchain IDE Files: 15828mS.
2024-02-23 17:47:13,716 [INFO] ProjectBuilder:2947 - Time for Copy CMSIS : 1mS.
2024-02-23 17:47:13,721 [INFO] ProjectBuilder:2947 - Time for Copy CMSIS : 0mS.
2024-02-23 17:47:15,420 [INFO] McuFinderGlobals:76 - Set McuFinderConnectedMode to true
2024-02-23 17:47:15,461 [INFO] ApiDb:448 - Save user favorites file C:\Users\vlab/.stm32cubeide/favorites.mcus.txt: 0 item(s)
2024-02-23 17:47:15,461 [INFO] ApiDb:452 - User favorites MCUs=[]
2024-02-23 17:47:15,527 [INFO] ApiDb:448 - Save user favorites file C:\Users\vlab/.stm32cubeide/favorites.boards.txt: 0 item(s)
2024-02-23 17:47:15,527 [INFO] ApiDb:452 - User favorites Boards=[]
